CRITICAL - 2023-04-28 03:07:52 --> Class "Locale" not found
in SYSTEMPATH\CodeIgniter.php on line 194.
 1 FCPATH\index.php(55): CodeIgniter\CodeIgniter->initialize()
CRITICAL - 2023-04-28 03:09:37 --> Class "Locale" not found
in SYSTEMPATH\CodeIgniter.php on line 194.
 1 FCPATH\index.php(55): CodeIgniter\CodeIgniter->initialize()
CRITICAL - 2023-04-28 03:16:47 --> Class "Locale" not found
in SYSTEMPATH\CodeIgniter.php on line 194.
 1 FCPATH\index.php(55): CodeIgniter\CodeIgniter->initialize()
CRITICAL - 2023-04-28 03:43:54 --> Class "Locale" not found
in SYSTEMPATH\CodeIgniter.php on line 194.
 1 FCPATH\index.php(55): CodeIgniter\CodeIgniter->initialize()
CRITICAL - 2023-04-28 03:46:14 --> Class "Locale" not found
in SYSTEMPATH\CodeIgniter.php on line 194.
 1 FCPATH\index.php(55): CodeIgniter\CodeIgniter->initialize()
CRITICAL - 2023-04-28 03:46:14 --> Class "Locale" not found
in SYSTEMPATH\CodeIgniter.php on line 194.
 1 FCPATH\index.php(55): CodeIgniter\CodeIgniter->initialize()
INFO - 2023-04-28 01:47:15 --> Session: Class initialized using 'CodeIgniter\Session\Handlers\FileHandler' driver.
CRITICAL - 2023-04-28 01:47:15 --> The route for "login" cannot be found.
in SYSTEMPATH\HTTP\RedirectResponse.php on line 60.
 1 SYSTEMPATH\HTTP\RedirectResponse.php(60): CodeIgniter\HTTP\Exceptions\HTTPException::forInvalidRedirectRoute('login')
 2 VENDORPATH\codeigniter4\shield\src\Filters\SessionAuth.php(78): CodeIgniter\HTTP\RedirectResponse->route(false)
 3 SYSTEMPATH\Filters\Filters.php(173): CodeIgniter\Shield\Filters\SessionAuth->before(Object(CodeIgniter\HTTP\IncomingRequest), null)
 4 SYSTEMPATH\CodeIgniter.php(473): CodeIgniter\Filters\Filters->run('C:\\', 'before')
 5 SYSTEMPATH\CodeIgniter.php(368): CodeIgniter\CodeIgniter->handleRequest(null, Object(Config\Cache), false)
 6 FCPATH\index.php(67): CodeIgniter\CodeIgniter->run()
INFO - 2023-04-28 01:50:24 --> Session: Class initialized using 'CodeIgniter\Session\Handlers\FileHandler' driver.
WARNING - 2023-04-28 01:50:24 --> [DEPRECATED] Creation of dynamic property App\Controllers\Leafletdraw::$data is deprecated in APPPATH\Controllers\BaseController.php on line 61.
 1 SYSTEMPATH\CodeIgniter.php(907): App\Controllers\BaseController->initController(Object(CodeIgniter\HTTP\IncomingRequest), Object(CodeIgniter\HTTP\Response), Object(CodeIgniter\Log\Logger))
 2 SYSTEMPATH\CodeIgniter.php(490): CodeIgniter\CodeIgniter->createController()
 3 SYSTEMPATH\CodeIgniter.php(368): CodeIgniter\CodeIgniter->handleRequest(null, Object(Config\Cache), false)
 4 FCPATH\index.php(67): CodeIgniter\CodeIgniter->run()
INFO - 2023-04-28 01:50:25 --> Session: Class initialized using 'CodeIgniter\Session\Handlers\FileHandler' driver.
INFO - 2023-04-28 01:52:03 --> Session: Class initialized using 'CodeIgniter\Session\Handlers\FileHandler' driver.
WARNING - 2023-04-28 01:52:03 --> [DEPRECATED] Creation of dynamic property App\Controllers\Leafletdraw::$data is deprecated in APPPATH\Controllers\BaseController.php on line 61.
 1 SYSTEMPATH\CodeIgniter.php(907): App\Controllers\BaseController->initController(Object(CodeIgniter\HTTP\IncomingRequest), Object(CodeIgniter\HTTP\Response), Object(CodeIgniter\Log\Logger))
 2 SYSTEMPATH\CodeIgniter.php(490): CodeIgniter\CodeIgniter->createController()
 3 SYSTEMPATH\CodeIgniter.php(368): CodeIgniter\CodeIgniter->handleRequest(null, Object(Config\Cache), false)
 4 FCPATH\index.php(67): CodeIgniter\CodeIgniter->run()
INFO - 2023-04-28 01:52:04 --> Session: Class initialized using 'CodeIgniter\Session\Handlers\FileHandler' driver.
WARNING - 2023-04-28 01:52:04 --> [DEPRECATED] Creation of dynamic property App\Controllers\Leafletdraw::$data is deprecated in APPPATH\Controllers\BaseController.php on line 61.
 1 SYSTEMPATH\CodeIgniter.php(907): App\Controllers\BaseController->initController(Object(CodeIgniter\HTTP\IncomingRequest), Object(CodeIgniter\HTTP\Response), Object(CodeIgniter\Log\Logger))
 2 SYSTEMPATH\CodeIgniter.php(490): CodeIgniter\CodeIgniter->createController()
 3 SYSTEMPATH\CodeIgniter.php(368): CodeIgniter\CodeIgniter->handleRequest(null, Object(Config\Cache), false)
 4 FCPATH\index.php(67): CodeIgniter\CodeIgniter->run()
INFO - 2023-04-28 01:52:04 --> Session: Class initialized using 'CodeIgniter\Session\Handlers\FileHandler' driver.
CRITICAL - 2023-04-28 02:42:59 --> Class "App\Models\TbldatapolylineModel" not found
in APPPATH\Controllers\Leafletdraw.php on line 16.
 1 SYSTEMPATH\CodeIgniter.php(906): App\Controllers\Leafletdraw->__construct()
 2 SYSTEMPATH\CodeIgniter.php(490): CodeIgniter\CodeIgniter->createController()
 3 SYSTEMPATH\CodeIgniter.php(368): CodeIgniter\CodeIgniter->handleRequest(null, Object(Config\Cache), false)
 4 FCPATH\index.php(67): CodeIgniter\CodeIgniter->run()
CRITICAL - 2023-04-28 02:50:04 --> Class "App\Models\TbldatapolylineModel" not found
in APPPATH\Controllers\Leafletdraw.php on line 16.
 1 SYSTEMPATH\CodeIgniter.php(906): App\Controllers\Leafletdraw->__construct()
 2 SYSTEMPATH\CodeIgniter.php(490): CodeIgniter\CodeIgniter->createController()
 3 SYSTEMPATH\CodeIgniter.php(368): CodeIgniter\CodeIgniter->handleRequest(null, Object(Config\Cache), false)
 4 FCPATH\index.php(67): CodeIgniter\CodeIgniter->run()
CRITICAL - 2023-04-28 02:56:46 --> Class "App\Models\TbldatapolylineModel" not found
in APPPATH\Controllers\Leafletdraw.php on line 16.
 1 SYSTEMPATH\CodeIgniter.php(906): App\Controllers\Leafletdraw->__construct()
 2 SYSTEMPATH\CodeIgniter.php(490): CodeIgniter\CodeIgniter->createController()
 3 SYSTEMPATH\CodeIgniter.php(368): CodeIgniter\CodeIgniter->handleRequest(null, Object(Config\Cache), false)
 4 FCPATH\index.php(67): CodeIgniter\CodeIgniter->run()
CRITICAL - 2023-04-28 02:56:46 --> Class "App\Models\TbldatapolylineModel" not found
in APPPATH\Controllers\Leafletdraw.php on line 16.
 1 SYSTEMPATH\CodeIgniter.php(906): App\Controllers\Leafletdraw->__construct()
 2 SYSTEMPATH\CodeIgniter.php(490): CodeIgniter\CodeIgniter->createController()
 3 SYSTEMPATH\CodeIgniter.php(368): CodeIgniter\CodeIgniter->handleRequest(null, Object(Config\Cache), false)
 4 FCPATH\index.php(67): CodeIgniter\CodeIgniter->run()
CRITICAL - 2023-04-28 02:56:49 --> Class "App\Models\TbldatapolylineModel" not found
in APPPATH\Controllers\Leafletdraw.php on line 16.
 1 SYSTEMPATH\CodeIgniter.php(906): App\Controllers\Leafletdraw->__construct()
 2 SYSTEMPATH\CodeIgniter.php(490): CodeIgniter\CodeIgniter->createController()
 3 SYSTEMPATH\CodeIgniter.php(368): CodeIgniter\CodeIgniter->handleRequest(null, Object(Config\Cache), false)
 4 FCPATH\index.php(67): CodeIgniter\CodeIgniter->run()
CRITICAL - 2023-04-28 03:00:32 --> Class "App\Models\TbldatapolygonModel" not found
in APPPATH\Controllers\Leafletdraw.php on line 17.
 1 SYSTEMPATH\CodeIgniter.php(906): App\Controllers\Leafletdraw->__construct()
 2 SYSTEMPATH\CodeIgniter.php(490): CodeIgniter\CodeIgniter->createController()
 3 SYSTEMPATH\CodeIgniter.php(368): CodeIgniter\CodeIgniter->handleRequest(null, Object(Config\Cache), false)
 4 FCPATH\index.php(67): CodeIgniter\CodeIgniter->run()
INFO - 2023-04-28 03:02:23 --> Session: Class initialized using 'CodeIgniter\Session\Handlers\FileHandler' driver.
WARNING - 2023-04-28 03:02:23 --> [DEPRECATED] Creation of dynamic property App\Controllers\Leafletdraw::$data is deprecated in APPPATH\Controllers\BaseController.php on line 61.
 1 SYSTEMPATH\CodeIgniter.php(907): App\Controllers\BaseController->initController(Object(CodeIgniter\HTTP\IncomingRequest), Object(CodeIgniter\HTTP\Response), Object(CodeIgniter\Log\Logger))
 2 SYSTEMPATH\CodeIgniter.php(490): CodeIgniter\CodeIgniter->createController()
 3 SYSTEMPATH\CodeIgniter.php(368): CodeIgniter\CodeIgniter->handleRequest(null, Object(Config\Cache), false)
 4 FCPATH\index.php(67): CodeIgniter\CodeIgniter->run()
INFO - 2023-04-28 03:02:23 --> Session: Class initialized using 'CodeIgniter\Session\Handlers\FileHandler' driver.
INFO - 2023-04-28 03:03:35 --> Session: Class initialized using 'CodeIgniter\Session\Handlers\FileHandler' driver.
WARNING - 2023-04-28 03:03:35 --> [DEPRECATED] Creation of dynamic property App\Controllers\Leafletdraw::$data is deprecated in APPPATH\Controllers\BaseController.php on line 61.
 1 SYSTEMPATH\CodeIgniter.php(907): App\Controllers\BaseController->initController(Object(CodeIgniter\HTTP\IncomingRequest), Object(CodeIgniter\HTTP\Response), Object(CodeIgniter\Log\Logger))
 2 SYSTEMPATH\CodeIgniter.php(490): CodeIgniter\CodeIgniter->createController()
 3 SYSTEMPATH\CodeIgniter.php(368): CodeIgniter\CodeIgniter->handleRequest(null, Object(Config\Cache), false)
 4 FCPATH\index.php(67): CodeIgniter\CodeIgniter->run()
INFO - 2023-04-28 03:03:35 --> Session: Class initialized using 'CodeIgniter\Session\Handlers\FileHandler' driver.
INFO - 2023-04-28 03:03:48 --> Session: Class initialized using 'CodeIgniter\Session\Handlers\FileHandler' driver.
WARNING - 2023-04-28 03:03:48 --> [DEPRECATED] Creation of dynamic property App\Controllers\Leafletdraw::$data is deprecated in APPPATH\Controllers\BaseController.php on line 61.
 1 SYSTEMPATH\CodeIgniter.php(907): App\Controllers\BaseController->initController(Object(CodeIgniter\HTTP\IncomingRequest), Object(CodeIgniter\HTTP\Response), Object(CodeIgniter\Log\Logger))
 2 SYSTEMPATH\CodeIgniter.php(490): CodeIgniter\CodeIgniter->createController()
 3 SYSTEMPATH\CodeIgniter.php(368): CodeIgniter\CodeIgniter->handleRequest(null, Object(Config\Cache), false)
 4 FCPATH\index.php(67): CodeIgniter\CodeIgniter->run()
ERROR - 2023-04-28 03:03:48 --> ErrorException: pg_query(): Query failed: ERROR:  relation &quot;tbldatapolylines&quot; does not exist
LINE 1: INSERT INTO &quot;tbldatapolylines&quot; (&quot;nama&quot;, &quot;geom&quot;) VALUES ('Gar...
                    ^ in C:\xampp\htdocs\petalokasiobjek\system\Database\Postgre\Connection.php:147
Stack trace:
#0 [internal function]: CodeIgniter\Debug\Exceptions->errorHandler(2, 'pg_query(): Que...', 'C:\\xampp\\htdocs...', 147)
#1 C:\xampp\htdocs\petalokasiobjek\system\Database\Postgre\Connection.php(147): pg_query(Object(PgSql\Connection), 'INSERT INTO "tb...')
#2 C:\xampp\htdocs\petalokasiobjek\system\Database\BaseConnection.php(691): CodeIgniter\Database\Postgre\Connection->execute('INSERT INTO "tb...')
#3 C:\xampp\htdocs\petalokasiobjek\system\Database\BaseConnection.php(605): CodeIgniter\Database\BaseConnection->simpleQuery('INSERT INTO "tb...')
#4 C:\xampp\htdocs\petalokasiobjek\system\Database\BaseBuilder.php(2309): CodeIgniter\Database\BaseConnection->query('INSERT INTO "tb...', Array, false)
#5 C:\xampp\htdocs\petalokasiobjek\system\Model.php(330): CodeIgniter\Database\BaseBuilder->insert()
#6 C:\xampp\htdocs\petalokasiobjek\system\BaseModel.php(782): CodeIgniter\Model->doInsert(Array)
#7 C:\xampp\htdocs\petalokasiobjek\system\Model.php(730): CodeIgniter\BaseModel->insert(Array, false)
#8 C:\xampp\htdocs\petalokasiobjek\system\BaseModel.php(692): CodeIgniter\Model->insert(Array, false)
#9 C:\xampp\htdocs\petalokasiobjek\app\Controllers\Leafletdraw.php(41): CodeIgniter\BaseModel->save(Array)
#10 C:\xampp\htdocs\petalokasiobjek\system\CodeIgniter.php(934): App\Controllers\Leafletdraw->simpan_polyline()
#11 C:\xampp\htdocs\petalokasiobjek\system\CodeIgniter.php(499): CodeIgniter\CodeIgniter->runController(Object(App\Controllers\Leafletdraw))
#12 C:\xampp\htdocs\petalokasiobjek\system\CodeIgniter.php(368): CodeIgniter\CodeIgniter->handleRequest(NULL, Object(Config\Cache), false)
#13 C:\xampp\htdocs\petalokasiobjek\public\index.php(67): CodeIgniter\CodeIgniter->run()
#14 {main}
CRITICAL - 2023-04-28 03:03:48 --> pg_query(): Query failed: ERROR:  relation &quot;tbldatapolylines&quot; does not exist
LINE 1: INSERT INTO &quot;tbldatapolylines&quot; (&quot;nama&quot;, &quot;geom&quot;) VALUES ('Gar...
                    ^
in SYSTEMPATH\Database\BaseConnection.php on line 645.
 1 SYSTEMPATH\Database\BaseBuilder.php(2309): CodeIgniter\Database\BaseConnection->query('INSERT INTO "tbldatapolylines" ("nama", "geom") VALUES (:nama:, :geom:)', [...], false)
 2 SYSTEMPATH\Model.php(330): CodeIgniter\Database\BaseBuilder->insert()
 3 SYSTEMPATH\BaseModel.php(782): CodeIgniter\Model->doInsert([...])
 4 SYSTEMPATH\Model.php(730): CodeIgniter\BaseModel->insert([...], false)
 5 SYSTEMPATH\BaseModel.php(692): CodeIgniter\Model->insert([...], false)
 6 APPPATH\Controllers\Leafletdraw.php(41): CodeIgniter\BaseModel->save([...])
 7 SYSTEMPATH\CodeIgniter.php(934): App\Controllers\Leafletdraw->simpan_polyline()
 8 SYSTEMPATH\CodeIgniter.php(499): CodeIgniter\CodeIgniter->runController(Object(App\Controllers\Leafletdraw))
 9 SYSTEMPATH\CodeIgniter.php(368): CodeIgniter\CodeIgniter->handleRequest(null, Object(Config\Cache), false)
10 FCPATH\index.php(67): CodeIgniter\CodeIgniter->run()
INFO - 2023-04-28 03:07:06 --> Session: Class initialized using 'CodeIgniter\Session\Handlers\FileHandler' driver.
WARNING - 2023-04-28 03:07:06 --> [DEPRECATED] Creation of dynamic property App\Controllers\Leafletdraw::$data is deprecated in APPPATH\Controllers\BaseController.php on line 61.
 1 SYSTEMPATH\CodeIgniter.php(907): App\Controllers\BaseController->initController(Object(CodeIgniter\HTTP\IncomingRequest), Object(CodeIgniter\HTTP\Response), Object(CodeIgniter\Log\Logger))
 2 SYSTEMPATH\CodeIgniter.php(490): CodeIgniter\CodeIgniter->createController()
 3 SYSTEMPATH\CodeIgniter.php(368): CodeIgniter\CodeIgniter->handleRequest(null, Object(Config\Cache), false)
 4 FCPATH\index.php(67): CodeIgniter\CodeIgniter->run()
INFO - 2023-04-28 03:07:06 --> Session: Class initialized using 'CodeIgniter\Session\Handlers\FileHandler' driver.
INFO - 2023-04-28 03:07:14 --> Session: Class initialized using 'CodeIgniter\Session\Handlers\FileHandler' driver.
WARNING - 2023-04-28 03:07:14 --> [DEPRECATED] Creation of dynamic property App\Controllers\Leafletdraw::$data is deprecated in APPPATH\Controllers\BaseController.php on line 61.
 1 SYSTEMPATH\CodeIgniter.php(907): App\Controllers\BaseController->initController(Object(CodeIgniter\HTTP\IncomingRequest), Object(CodeIgniter\HTTP\Response), Object(CodeIgniter\Log\Logger))
 2 SYSTEMPATH\CodeIgniter.php(490): CodeIgniter\CodeIgniter->createController()
 3 SYSTEMPATH\CodeIgniter.php(368): CodeIgniter\CodeIgniter->handleRequest(null, Object(Config\Cache), false)
 4 FCPATH\index.php(67): CodeIgniter\CodeIgniter->run()
INFO - 2023-04-28 03:07:14 --> Session: Class initialized using 'CodeIgniter\Session\Handlers\FileHandler' driver.
WARNING - 2023-04-28 03:07:14 --> [DEPRECATED] Creation of dynamic property App\Controllers\Leafletdraw::$data is deprecated in APPPATH\Controllers\BaseController.php on line 61.
 1 SYSTEMPATH\CodeIgniter.php(907): App\Controllers\BaseController->initController(Object(CodeIgniter\HTTP\IncomingRequest), Object(CodeIgniter\HTTP\Response), Object(CodeIgniter\Log\Logger))
 2 SYSTEMPATH\CodeIgniter.php(490): CodeIgniter\CodeIgniter->createController()
 3 SYSTEMPATH\CodeIgniter.php(368): CodeIgniter\CodeIgniter->handleRequest(null, Object(Config\Cache), false)
 4 FCPATH\index.php(67): CodeIgniter\CodeIgniter->run()
INFO - 2023-04-28 03:07:14 --> Session: Class initialized using 'CodeIgniter\Session\Handlers\FileHandler' driver.
INFO - 2023-04-28 03:07:22 --> Session: Class initialized using 'CodeIgniter\Session\Handlers\FileHandler' driver.
WARNING - 2023-04-28 03:07:22 --> [DEPRECATED] Creation of dynamic property App\Controllers\Leafletdraw::$data is deprecated in APPPATH\Controllers\BaseController.php on line 61.
 1 SYSTEMPATH\CodeIgniter.php(907): App\Controllers\BaseController->initController(Object(CodeIgniter\HTTP\IncomingRequest), Object(CodeIgniter\HTTP\Response), Object(CodeIgniter\Log\Logger))
 2 SYSTEMPATH\CodeIgniter.php(490): CodeIgniter\CodeIgniter->createController()
 3 SYSTEMPATH\CodeIgniter.php(368): CodeIgniter\CodeIgniter->handleRequest(null, Object(Config\Cache), false)
 4 FCPATH\index.php(67): CodeIgniter\CodeIgniter->run()
ERROR - 2023-04-28 03:07:22 --> ErrorException: pg_query(): Query failed: ERROR:  relation &quot;tbldatapolylines&quot; does not exist
LINE 1: INSERT INTO &quot;tbldatapolylines&quot; (&quot;nama&quot;, &quot;geom&quot;) VALUES ('Gar...
                    ^ in C:\xampp\htdocs\petalokasiobjek\system\Database\Postgre\Connection.php:147
Stack trace:
#0 [internal function]: CodeIgniter\Debug\Exceptions->errorHandler(2, 'pg_query(): Que...', 'C:\\xampp\\htdocs...', 147)
#1 C:\xampp\htdocs\petalokasiobjek\system\Database\Postgre\Connection.php(147): pg_query(Object(PgSql\Connection), 'INSERT INTO "tb...')
#2 C:\xampp\htdocs\petalokasiobjek\system\Database\BaseConnection.php(691): CodeIgniter\Database\Postgre\Connection->execute('INSERT INTO "tb...')
#3 C:\xampp\htdocs\petalokasiobjek\system\Database\BaseConnection.php(605): CodeIgniter\Database\BaseConnection->simpleQuery('INSERT INTO "tb...')
#4 C:\xampp\htdocs\petalokasiobjek\system\Database\BaseBuilder.php(2309): CodeIgniter\Database\BaseConnection->query('INSERT INTO "tb...', Array, false)
#5 C:\xampp\htdocs\petalokasiobjek\system\Model.php(330): CodeIgniter\Database\BaseBuilder->insert()
#6 C:\xampp\htdocs\petalokasiobjek\system\BaseModel.php(782): CodeIgniter\Model->doInsert(Array)
#7 C:\xampp\htdocs\petalokasiobjek\system\Model.php(730): CodeIgniter\BaseModel->insert(Array, false)
#8 C:\xampp\htdocs\petalokasiobjek\system\BaseModel.php(692): CodeIgniter\Model->insert(Array, false)
#9 C:\xampp\htdocs\petalokasiobjek\app\Controllers\Leafletdraw.php(41): CodeIgniter\BaseModel->save(Array)
#10 C:\xampp\htdocs\petalokasiobjek\system\CodeIgniter.php(934): App\Controllers\Leafletdraw->simpan_polyline()
#11 C:\xampp\htdocs\petalokasiobjek\system\CodeIgniter.php(499): CodeIgniter\CodeIgniter->runController(Object(App\Controllers\Leafletdraw))
#12 C:\xampp\htdocs\petalokasiobjek\system\CodeIgniter.php(368): CodeIgniter\CodeIgniter->handleRequest(NULL, Object(Config\Cache), false)
#13 C:\xampp\htdocs\petalokasiobjek\public\index.php(67): CodeIgniter\CodeIgniter->run()
#14 {main}
CRITICAL - 2023-04-28 03:07:22 --> pg_query(): Query failed: ERROR:  relation &quot;tbldatapolylines&quot; does not exist
LINE 1: INSERT INTO &quot;tbldatapolylines&quot; (&quot;nama&quot;, &quot;geom&quot;) VALUES ('Gar...
                    ^
in SYSTEMPATH\Database\BaseConnection.php on line 645.
 1 SYSTEMPATH\Database\BaseBuilder.php(2309): CodeIgniter\Database\BaseConnection->query('INSERT INTO "tbldatapolylines" ("nama", "geom") VALUES (:nama:, :geom:)', [...], false)
 2 SYSTEMPATH\Model.php(330): CodeIgniter\Database\BaseBuilder->insert()
 3 SYSTEMPATH\BaseModel.php(782): CodeIgniter\Model->doInsert([...])
 4 SYSTEMPATH\Model.php(730): CodeIgniter\BaseModel->insert([...], false)
 5 SYSTEMPATH\BaseModel.php(692): CodeIgniter\Model->insert([...], false)
 6 APPPATH\Controllers\Leafletdraw.php(41): CodeIgniter\BaseModel->save([...])
 7 SYSTEMPATH\CodeIgniter.php(934): App\Controllers\Leafletdraw->simpan_polyline()
 8 SYSTEMPATH\CodeIgniter.php(499): CodeIgniter\CodeIgniter->runController(Object(App\Controllers\Leafletdraw))
 9 SYSTEMPATH\CodeIgniter.php(368): CodeIgniter\CodeIgniter->handleRequest(null, Object(Config\Cache), false)
10 FCPATH\index.php(67): CodeIgniter\CodeIgniter->run()
INFO - 2023-04-28 03:10:56 --> Session: Class initialized using 'CodeIgniter\Session\Handlers\FileHandler' driver.
WARNING - 2023-04-28 03:10:56 --> [DEPRECATED] Creation of dynamic property App\Controllers\Leafletdraw::$data is deprecated in APPPATH\Controllers\BaseController.php on line 61.
 1 SYSTEMPATH\CodeIgniter.php(907): App\Controllers\BaseController->initController(Object(CodeIgniter\HTTP\IncomingRequest), Object(CodeIgniter\HTTP\Response), Object(CodeIgniter\Log\Logger))
 2 SYSTEMPATH\CodeIgniter.php(490): CodeIgniter\CodeIgniter->createController()
 3 SYSTEMPATH\CodeIgniter.php(368): CodeIgniter\CodeIgniter->handleRequest(null, Object(Config\Cache), false)
 4 FCPATH\index.php(67): CodeIgniter\CodeIgniter->run()
ERROR - 2023-04-28 03:10:56 --> ErrorException: pg_query(): Query failed: ERROR:  relation &quot;tbldatapolyline&quot; does not exist
LINE 1: INSERT INTO &quot;tbldatapolyline&quot; (&quot;nama&quot;, &quot;geom&quot;) VALUES ('Gari...
                    ^ in C:\xampp\htdocs\petalokasiobjek\system\Database\Postgre\Connection.php:147
Stack trace:
#0 [internal function]: CodeIgniter\Debug\Exceptions->errorHandler(2, 'pg_query(): Que...', 'C:\\xampp\\htdocs...', 147)
#1 C:\xampp\htdocs\petalokasiobjek\system\Database\Postgre\Connection.php(147): pg_query(Object(PgSql\Connection), 'INSERT INTO "tb...')
#2 C:\xampp\htdocs\petalokasiobjek\system\Database\BaseConnection.php(691): CodeIgniter\Database\Postgre\Connection->execute('INSERT INTO "tb...')
#3 C:\xampp\htdocs\petalokasiobjek\system\Database\BaseConnection.php(605): CodeIgniter\Database\BaseConnection->simpleQuery('INSERT INTO "tb...')
#4 C:\xampp\htdocs\petalokasiobjek\system\Database\BaseBuilder.php(2309): CodeIgniter\Database\BaseConnection->query('INSERT INTO "tb...', Array, false)
#5 C:\xampp\htdocs\petalokasiobjek\system\Model.php(330): CodeIgniter\Database\BaseBuilder->insert()
#6 C:\xampp\htdocs\petalokasiobjek\system\BaseModel.php(782): CodeIgniter\Model->doInsert(Array)
#7 C:\xampp\htdocs\petalokasiobjek\system\Model.php(730): CodeIgniter\BaseModel->insert(Array, false)
#8 C:\xampp\htdocs\petalokasiobjek\system\BaseModel.php(692): CodeIgniter\Model->insert(Array, false)
#9 C:\xampp\htdocs\petalokasiobjek\app\Controllers\Leafletdraw.php(41): CodeIgniter\BaseModel->save(Array)
#10 C:\xampp\htdocs\petalokasiobjek\system\CodeIgniter.php(934): App\Controllers\Leafletdraw->simpan_polyline()
#11 C:\xampp\htdocs\petalokasiobjek\system\CodeIgniter.php(499): CodeIgniter\CodeIgniter->runController(Object(App\Controllers\Leafletdraw))
#12 C:\xampp\htdocs\petalokasiobjek\system\CodeIgniter.php(368): CodeIgniter\CodeIgniter->handleRequest(NULL, Object(Config\Cache), false)
#13 C:\xampp\htdocs\petalokasiobjek\public\index.php(67): CodeIgniter\CodeIgniter->run()
#14 {main}
CRITICAL - 2023-04-28 03:10:56 --> pg_query(): Query failed: ERROR:  relation &quot;tbldatapolyline&quot; does not exist
LINE 1: INSERT INTO &quot;tbldatapolyline&quot; (&quot;nama&quot;, &quot;geom&quot;) VALUES ('Gari...
                    ^
in SYSTEMPATH\Database\BaseConnection.php on line 645.
 1 SYSTEMPATH\Database\BaseBuilder.php(2309): CodeIgniter\Database\BaseConnection->query('INSERT INTO "tbldatapolyline" ("nama", "geom") VALUES (:nama:, :geom:)', [...], false)
 2 SYSTEMPATH\Model.php(330): CodeIgniter\Database\BaseBuilder->insert()
 3 SYSTEMPATH\BaseModel.php(782): CodeIgniter\Model->doInsert([...])
 4 SYSTEMPATH\Model.php(730): CodeIgniter\BaseModel->insert([...], false)
 5 SYSTEMPATH\BaseModel.php(692): CodeIgniter\Model->insert([...], false)
 6 APPPATH\Controllers\Leafletdraw.php(41): CodeIgniter\BaseModel->save([...])
 7 SYSTEMPATH\CodeIgniter.php(934): App\Controllers\Leafletdraw->simpan_polyline()
 8 SYSTEMPATH\CodeIgniter.php(499): CodeIgniter\CodeIgniter->runController(Object(App\Controllers\Leafletdraw))
 9 SYSTEMPATH\CodeIgniter.php(368): CodeIgniter\CodeIgniter->handleRequest(null, Object(Config\Cache), false)
10 FCPATH\index.php(67): CodeIgniter\CodeIgniter->run()
INFO - 2023-04-28 03:11:01 --> Session: Class initialized using 'CodeIgniter\Session\Handlers\FileHandler' driver.
WARNING - 2023-04-28 03:11:01 --> [DEPRECATED] Creation of dynamic property App\Controllers\Leafletdraw::$data is deprecated in APPPATH\Controllers\BaseController.php on line 61.
 1 SYSTEMPATH\CodeIgniter.php(907): App\Controllers\BaseController->initController(Object(CodeIgniter\HTTP\IncomingRequest), Object(CodeIgniter\HTTP\Response), Object(CodeIgniter\Log\Logger))
 2 SYSTEMPATH\CodeIgniter.php(490): CodeIgniter\CodeIgniter->createController()
 3 SYSTEMPATH\CodeIgniter.php(368): CodeIgniter\CodeIgniter->handleRequest(null, Object(Config\Cache), false)
 4 FCPATH\index.php(67): CodeIgniter\CodeIgniter->run()
INFO - 2023-04-28 03:11:02 --> Session: Class initialized using 'CodeIgniter\Session\Handlers\FileHandler' driver.
INFO - 2023-04-28 03:11:07 --> Session: Class initialized using 'CodeIgniter\Session\Handlers\FileHandler' driver.
WARNING - 2023-04-28 03:11:07 --> [DEPRECATED] Creation of dynamic property App\Controllers\Leafletdraw::$data is deprecated in APPPATH\Controllers\BaseController.php on line 61.
 1 SYSTEMPATH\CodeIgniter.php(907): App\Controllers\BaseController->initController(Object(CodeIgniter\HTTP\IncomingRequest), Object(CodeIgniter\HTTP\Response), Object(CodeIgniter\Log\Logger))
 2 SYSTEMPATH\CodeIgniter.php(490): CodeIgniter\CodeIgniter->createController()
 3 SYSTEMPATH\CodeIgniter.php(368): CodeIgniter\CodeIgniter->handleRequest(null, Object(Config\Cache), false)
 4 FCPATH\index.php(67): CodeIgniter\CodeIgniter->run()
ERROR - 2023-04-28 03:11:07 --> ErrorException: pg_query(): Query failed: ERROR:  relation &quot;tbldatapolyline&quot; does not exist
LINE 1: INSERT INTO &quot;tbldatapolyline&quot; (&quot;nama&quot;, &quot;geom&quot;) VALUES ('Gari...
                    ^ in C:\xampp\htdocs\petalokasiobjek\system\Database\Postgre\Connection.php:147
Stack trace:
#0 [internal function]: CodeIgniter\Debug\Exceptions->errorHandler(2, 'pg_query(): Que...', 'C:\\xampp\\htdocs...', 147)
#1 C:\xampp\htdocs\petalokasiobjek\system\Database\Postgre\Connection.php(147): pg_query(Object(PgSql\Connection), 'INSERT INTO "tb...')
#2 C:\xampp\htdocs\petalokasiobjek\system\Database\BaseConnection.php(691): CodeIgniter\Database\Postgre\Connection->execute('INSERT INTO "tb...')
#3 C:\xampp\htdocs\petalokasiobjek\system\Database\BaseConnection.php(605): CodeIgniter\Database\BaseConnection->simpleQuery('INSERT INTO "tb...')
#4 C:\xampp\htdocs\petalokasiobjek\system\Database\BaseBuilder.php(2309): CodeIgniter\Database\BaseConnection->query('INSERT INTO "tb...', Array, false)
#5 C:\xampp\htdocs\petalokasiobjek\system\Model.php(330): CodeIgniter\Database\BaseBuilder->insert()
#6 C:\xampp\htdocs\petalokasiobjek\system\BaseModel.php(782): CodeIgniter\Model->doInsert(Array)
#7 C:\xampp\htdocs\petalokasiobjek\system\Model.php(730): CodeIgniter\BaseModel->insert(Array, false)
#8 C:\xampp\htdocs\petalokasiobjek\system\BaseModel.php(692): CodeIgniter\Model->insert(Array, false)
#9 C:\xampp\htdocs\petalokasiobjek\app\Controllers\Leafletdraw.php(41): CodeIgniter\BaseModel->save(Array)
#10 C:\xampp\htdocs\petalokasiobjek\system\CodeIgniter.php(934): App\Controllers\Leafletdraw->simpan_polyline()
#11 C:\xampp\htdocs\petalokasiobjek\system\CodeIgniter.php(499): CodeIgniter\CodeIgniter->runController(Object(App\Controllers\Leafletdraw))
#12 C:\xampp\htdocs\petalokasiobjek\system\CodeIgniter.php(368): CodeIgniter\CodeIgniter->handleRequest(NULL, Object(Config\Cache), false)
#13 C:\xampp\htdocs\petalokasiobjek\public\index.php(67): CodeIgniter\CodeIgniter->run()
#14 {main}
CRITICAL - 2023-04-28 03:11:07 --> pg_query(): Query failed: ERROR:  relation &quot;tbldatapolyline&quot; does not exist
LINE 1: INSERT INTO &quot;tbldatapolyline&quot; (&quot;nama&quot;, &quot;geom&quot;) VALUES ('Gari...
                    ^
in SYSTEMPATH\Database\BaseConnection.php on line 645.
 1 SYSTEMPATH\Database\BaseBuilder.php(2309): CodeIgniter\Database\BaseConnection->query('INSERT INTO "tbldatapolyline" ("nama", "geom") VALUES (:nama:, :geom:)', [...], false)
 2 SYSTEMPATH\Model.php(330): CodeIgniter\Database\BaseBuilder->insert()
 3 SYSTEMPATH\BaseModel.php(782): CodeIgniter\Model->doInsert([...])
 4 SYSTEMPATH\Model.php(730): CodeIgniter\BaseModel->insert([...], false)
 5 SYSTEMPATH\BaseModel.php(692): CodeIgniter\Model->insert([...], false)
 6 APPPATH\Controllers\Leafletdraw.php(41): CodeIgniter\BaseModel->save([...])
 7 SYSTEMPATH\CodeIgniter.php(934): App\Controllers\Leafletdraw->simpan_polyline()
 8 SYSTEMPATH\CodeIgniter.php(499): CodeIgniter\CodeIgniter->runController(Object(App\Controllers\Leafletdraw))
 9 SYSTEMPATH\CodeIgniter.php(368): CodeIgniter\CodeIgniter->handleRequest(null, Object(Config\Cache), false)
10 FCPATH\index.php(67): CodeIgniter\CodeIgniter->run()
INFO - 2023-04-28 03:11:35 --> Session: Class initialized using 'CodeIgniter\Session\Handlers\FileHandler' driver.
WARNING - 2023-04-28 03:11:35 --> [DEPRECATED] Creation of dynamic property App\Controllers\Leafletdraw::$data is deprecated in APPPATH\Controllers\BaseController.php on line 61.
 1 SYSTEMPATH\CodeIgniter.php(907): App\Controllers\BaseController->initController(Object(CodeIgniter\HTTP\IncomingRequest), Object(CodeIgniter\HTTP\Response), Object(CodeIgniter\Log\Logger))
 2 SYSTEMPATH\CodeIgniter.php(490): CodeIgniter\CodeIgniter->createController()
 3 SYSTEMPATH\CodeIgniter.php(368): CodeIgniter\CodeIgniter->handleRequest(null, Object(Config\Cache), false)
 4 FCPATH\index.php(67): CodeIgniter\CodeIgniter->run()
INFO - 2023-04-28 03:11:35 --> Session: Class initialized using 'CodeIgniter\Session\Handlers\FileHandler' driver.
WARNING - 2023-04-28 03:11:35 --> [DEPRECATED] Creation of dynamic property App\Controllers\Leafletdraw::$data is deprecated in APPPATH\Controllers\BaseController.php on line 61.
 1 SYSTEMPATH\CodeIgniter.php(907): App\Controllers\BaseController->initController(Object(CodeIgniter\HTTP\IncomingRequest), Object(CodeIgniter\HTTP\Response), Object(CodeIgniter\Log\Logger))
 2 SYSTEMPATH\CodeIgniter.php(490): CodeIgniter\CodeIgniter->createController()
 3 SYSTEMPATH\CodeIgniter.php(368): CodeIgniter\CodeIgniter->handleRequest(null, Object(Config\Cache), false)
 4 FCPATH\index.php(67): CodeIgniter\CodeIgniter->run()
INFO - 2023-04-28 03:11:36 --> Session: Class initialized using 'CodeIgniter\Session\Handlers\FileHandler' driver.
INFO - 2023-04-28 03:11:44 --> Session: Class initialized using 'CodeIgniter\Session\Handlers\FileHandler' driver.
WARNING - 2023-04-28 03:11:44 --> [DEPRECATED] Creation of dynamic property App\Controllers\Leafletdraw::$data is deprecated in APPPATH\Controllers\BaseController.php on line 61.
 1 SYSTEMPATH\CodeIgniter.php(907): App\Controllers\BaseController->initController(Object(CodeIgniter\HTTP\IncomingRequest), Object(CodeIgniter\HTTP\Response), Object(CodeIgniter\Log\Logger))
 2 SYSTEMPATH\CodeIgniter.php(490): CodeIgniter\CodeIgniter->createController()
 3 SYSTEMPATH\CodeIgniter.php(368): CodeIgniter\CodeIgniter->handleRequest(null, Object(Config\Cache), false)
 4 FCPATH\index.php(67): CodeIgniter\CodeIgniter->run()
INFO - 2023-04-28 03:11:44 --> Session: Class initialized using 'CodeIgniter\Session\Handlers\FileHandler' driver.
WARNING - 2023-04-28 03:11:44 --> [DEPRECATED] Creation of dynamic property App\Controllers\Leafletdraw::$data is deprecated in APPPATH\Controllers\BaseController.php on line 61.
 1 SYSTEMPATH\CodeIgniter.php(907): App\Controllers\BaseController->initController(Object(CodeIgniter\HTTP\IncomingRequest), Object(CodeIgniter\HTTP\Response), Object(CodeIgniter\Log\Logger))
 2 SYSTEMPATH\CodeIgniter.php(490): CodeIgniter\CodeIgniter->createController()
 3 SYSTEMPATH\CodeIgniter.php(368): CodeIgniter\CodeIgniter->handleRequest(null, Object(Config\Cache), false)
 4 FCPATH\index.php(67): CodeIgniter\CodeIgniter->run()
INFO - 2023-04-28 03:11:44 --> Session: Class initialized using 'CodeIgniter\Session\Handlers\FileHandler' driver.
INFO - 2023-04-28 03:12:21 --> Session: Class initialized using 'CodeIgniter\Session\Handlers\FileHandler' driver.
WARNING - 2023-04-28 03:12:21 --> [DEPRECATED] Creation of dynamic property App\Controllers\Leafletdraw::$data is deprecated in APPPATH\Controllers\BaseController.php on line 61.
 1 SYSTEMPATH\CodeIgniter.php(907): App\Controllers\BaseController->initController(Object(CodeIgniter\HTTP\IncomingRequest), Object(CodeIgniter\HTTP\Response), Object(CodeIgniter\Log\Logger))
 2 SYSTEMPATH\CodeIgniter.php(490): CodeIgniter\CodeIgniter->createController()
 3 SYSTEMPATH\CodeIgniter.php(368): CodeIgniter\CodeIgniter->handleRequest(null, Object(Config\Cache), false)
 4 FCPATH\index.php(67): CodeIgniter\CodeIgniter->run()
INFO - 2023-04-28 03:12:22 --> Session: Class initialized using 'CodeIgniter\Session\Handlers\FileHandler' driver.
WARNING - 2023-04-28 03:12:22 --> [DEPRECATED] Creation of dynamic property App\Controllers\Leafletdraw::$data is deprecated in APPPATH\Controllers\BaseController.php on line 61.
 1 SYSTEMPATH\CodeIgniter.php(907): App\Controllers\BaseController->initController(Object(CodeIgniter\HTTP\IncomingRequest), Object(CodeIgniter\HTTP\Response), Object(CodeIgniter\Log\Logger))
 2 SYSTEMPATH\CodeIgniter.php(490): CodeIgniter\CodeIgniter->createController()
 3 SYSTEMPATH\CodeIgniter.php(368): CodeIgniter\CodeIgniter->handleRequest(null, Object(Config\Cache), false)
 4 FCPATH\index.php(67): CodeIgniter\CodeIgniter->run()
INFO - 2023-04-28 03:12:22 --> Session: Class initialized using 'CodeIgniter\Session\Handlers\FileHandler' driver.
INFO - 2023-04-28 03:13:36 --> Session: Class initialized using 'CodeIgniter\Session\Handlers\FileHandler' driver.
WARNING - 2023-04-28 03:13:36 --> [DEPRECATED] Creation of dynamic property App\Controllers\Leafletdraw::$data is deprecated in APPPATH\Controllers\BaseController.php on line 61.
 1 SYSTEMPATH\CodeIgniter.php(907): App\Controllers\BaseController->initController(Object(CodeIgniter\HTTP\IncomingRequest), Object(CodeIgniter\HTTP\Response), Object(CodeIgniter\Log\Logger))
 2 SYSTEMPATH\CodeIgniter.php(490): CodeIgniter\CodeIgniter->createController()
 3 SYSTEMPATH\CodeIgniter.php(368): CodeIgniter\CodeIgniter->handleRequest(null, Object(Config\Cache), false)
 4 FCPATH\index.php(67): CodeIgniter\CodeIgniter->run()
INFO - 2023-04-28 03:13:36 --> Session: Class initialized using 'CodeIgniter\Session\Handlers\FileHandler' driver.
INFO - 2023-04-28 03:14:46 --> Session: Class initialized using 'CodeIgniter\Session\Handlers\FileHandler' driver.
WARNING - 2023-04-28 03:14:46 --> [DEPRECATED] Creation of dynamic property App\Controllers\Leafletdraw::$data is deprecated in APPPATH\Controllers\BaseController.php on line 61.
 1 SYSTEMPATH\CodeIgniter.php(907): App\Controllers\BaseController->initController(Object(CodeIgniter\HTTP\IncomingRequest), Object(CodeIgniter\HTTP\Response), Object(CodeIgniter\Log\Logger))
 2 SYSTEMPATH\CodeIgniter.php(490): CodeIgniter\CodeIgniter->createController()
 3 SYSTEMPATH\CodeIgniter.php(368): CodeIgniter\CodeIgniter->handleRequest(null, Object(Config\Cache), false)
 4 FCPATH\index.php(67): CodeIgniter\CodeIgniter->run()
INFO - 2023-04-28 03:14:47 --> Session: Class initialized using 'CodeIgniter\Session\Handlers\FileHandler' driver.
INFO - 2023-04-28 03:15:12 --> Session: Class initialized using 'CodeIgniter\Session\Handlers\FileHandler' driver.
WARNING - 2023-04-28 03:15:12 --> [DEPRECATED] Creation of dynamic property App\Controllers\Leafletdraw::$data is deprecated in APPPATH\Controllers\BaseController.php on line 61.
 1 SYSTEMPATH\CodeIgniter.php(907): App\Controllers\BaseController->initController(Object(CodeIgniter\HTTP\IncomingRequest), Object(CodeIgniter\HTTP\Response), Object(CodeIgniter\Log\Logger))
 2 SYSTEMPATH\CodeIgniter.php(490): CodeIgniter\CodeIgniter->createController()
 3 SYSTEMPATH\CodeIgniter.php(368): CodeIgniter\CodeIgniter->handleRequest(null, Object(Config\Cache), false)
 4 FCPATH\index.php(67): CodeIgniter\CodeIgniter->run()
INFO - 2023-04-28 03:15:22 --> Session: Class initialized using 'CodeIgniter\Session\Handlers\FileHandler' driver.
WARNING - 2023-04-28 03:15:22 --> [DEPRECATED] Creation of dynamic property App\Controllers\Leafletdraw::$data is deprecated in APPPATH\Controllers\BaseController.php on line 61.
 1 SYSTEMPATH\CodeIgniter.php(907): App\Controllers\BaseController->initController(Object(CodeIgniter\HTTP\IncomingRequest), Object(CodeIgniter\HTTP\Response), Object(CodeIgniter\Log\Logger))
 2 SYSTEMPATH\CodeIgniter.php(490): CodeIgniter\CodeIgniter->createController()
 3 SYSTEMPATH\CodeIgniter.php(368): CodeIgniter\CodeIgniter->handleRequest(null, Object(Config\Cache), false)
 4 FCPATH\index.php(67): CodeIgniter\CodeIgniter->run()
INFO - 2023-04-28 03:15:23 --> Session: Class initialized using 'CodeIgniter\Session\Handlers\FileHandler' driver.
WARNING - 2023-04-28 03:15:23 --> [DEPRECATED] Creation of dynamic property App\Controllers\Leafletdraw::$data is deprecated in APPPATH\Controllers\BaseController.php on line 61.
 1 SYSTEMPATH\CodeIgniter.php(907): App\Controllers\BaseController->initController(Object(CodeIgniter\HTTP\IncomingRequest), Object(CodeIgniter\HTTP\Response), Object(CodeIgniter\Log\Logger))
 2 SYSTEMPATH\CodeIgniter.php(490): CodeIgniter\CodeIgniter->createController()
 3 SYSTEMPATH\CodeIgniter.php(368): CodeIgniter\CodeIgniter->handleRequest(null, Object(Config\Cache), false)
 4 FCPATH\index.php(67): CodeIgniter\CodeIgniter->run()
INFO - 2023-04-28 03:15:23 --> Session: Class initialized using 'CodeIgniter\Session\Handlers\FileHandler' driver.
