INFO - 2023-04-17 06:20:51 --> Session: Class initialized using 'CodeIgniter\Session\Handlers\FileHandler' driver.
INFO - 2023-04-17 06:20:51 --> Session: Class initialized using 'CodeIgniter\Session\Handlers\FileHandler' driver.
INFO - 2023-04-17 06:20:51 --> Session: Class initialized using 'CodeIgniter\Session\Handlers\FileHandler' driver.
INFO - 2023-04-17 06:20:53 --> Session: Class initialized using 'CodeIgniter\Session\Handlers\FileHandler' driver.
INFO - 2023-04-17 06:20:58 --> Session: Class initialized using 'CodeIgniter\Session\Handlers\FileHandler' driver.
INFO - 2023-04-17 06:20:59 --> Session: Class initialized using 'CodeIgniter\Session\Handlers\FileHandler' driver.
INFO - 2023-04-17 06:20:59 --> Session: Class initialized using 'CodeIgniter\Session\Handlers\FileHandler' driver.
INFO - 2023-04-17 06:21:06 --> Session: Class initialized using 'CodeIgniter\Session\Handlers\FileHandler' driver.
INFO - 2023-04-17 06:21:06 --> Session: Class initialized using 'CodeIgniter\Session\Handlers\FileHandler' driver.
INFO - 2023-04-17 06:21:07 --> Session: Class initialized using 'CodeIgniter\Session\Handlers\FileHandler' driver.
INFO - 2023-04-17 06:21:07 --> Session: Class initialized using 'CodeIgniter\Session\Handlers\FileHandler' driver.
INFO - 2023-04-17 07:11:45 --> Session: Class initialized using 'CodeIgniter\Session\Handlers\FileHandler' driver.
INFO - 2023-04-17 07:11:46 --> Session: Class initialized using 'CodeIgniter\Session\Handlers\FileHandler' driver.
INFO - 2023-04-17 07:11:46 --> Session: Class initialized using 'CodeIgniter\Session\Handlers\FileHandler' driver.
INFO - 2023-04-17 07:16:28 --> Session: Class initialized using 'CodeIgniter\Session\Handlers\FileHandler' driver.
INFO - 2023-04-17 07:16:30 --> Session: Class initialized using 'CodeIgniter\Session\Handlers\FileHandler' driver.
INFO - 2023-04-17 07:20:12 --> Session: Class initialized using 'CodeIgniter\Session\Handlers\FileHandler' driver.
INFO - 2023-04-17 07:20:12 --> Session: Class initialized using 'CodeIgniter\Session\Handlers\FileHandler' driver.
INFO - 2023-04-17 07:26:20 --> Session: Class initialized using 'CodeIgniter\Session\Handlers\FileHandler' driver.
INFO - 2023-04-17 07:26:20 --> Session: Class initialized using 'CodeIgniter\Session\Handlers\FileHandler' driver.
INFO - 2023-04-17 07:30:59 --> Session: Class initialized using 'CodeIgniter\Session\Handlers\FileHandler' driver.
INFO - 2023-04-17 07:31:00 --> Session: Class initialized using 'CodeIgniter\Session\Handlers\FileHandler' driver.
INFO - 2023-04-17 07:43:48 --> Session: Class initialized using 'CodeIgniter\Session\Handlers\FileHandler' driver.
INFO - 2023-04-17 07:43:49 --> Session: Class initialized using 'CodeIgniter\Session\Handlers\FileHandler' driver.
INFO - 2023-04-17 07:47:13 --> Session: Class initialized using 'CodeIgniter\Session\Handlers\FileHandler' driver.
INFO - 2023-04-17 07:47:13 --> Session: Class initialized using 'CodeIgniter\Session\Handlers\FileHandler' driver.
INFO - 2023-04-17 07:47:18 --> Session: Class initialized using 'CodeIgniter\Session\Handlers\FileHandler' driver.
INFO - 2023-04-17 07:47:18 --> Session: Class initialized using 'CodeIgniter\Session\Handlers\FileHandler' driver.
ERROR - 2023-04-17 08:06:10 --> ErrorException: pg_query(): Query failed: ERROR:  type "geometry" does not exist
LINE 3:  "geom" GEOMETRY NOT NULL,
                ^ in C:\xammp\htdocs\petalokasiobjek\system\Database\Postgre\Connection.php:147
Stack trace:
#0 [internal function]: CodeIgniter\Debug\Exceptions->errorHandler(2, 'pg_query(): Que...', 'C:\\xammp\\htdocs...', 147)
#1 C:\xammp\htdocs\petalokasiobjek\system\Database\Postgre\Connection.php(147): pg_query(Resource id #237, 'CREATE TABLE "t...')
#2 C:\xammp\htdocs\petalokasiobjek\system\Database\BaseConnection.php(691): CodeIgniter\Database\Postgre\Connection->execute('CREATE TABLE "t...')
#3 C:\xammp\htdocs\petalokasiobjek\system\Database\BaseConnection.php(605): CodeIgniter\Database\BaseConnection->simpleQuery('CREATE TABLE "t...')
#4 C:\xammp\htdocs\petalokasiobjek\system\Database\Forge.php(546): CodeIgniter\Database\BaseConnection->query('CREATE TABLE "t...')
#5 C:\xammp\htdocs\petalokasiobjek\app\Database\Migrations\2023-04-17-080222_TabelDataPoint.php(48): CodeIgniter\Database\Forge->createTable('tbl_data_point')
#6 C:\xammp\htdocs\petalokasiobjek\system\Database\MigrationRunner.php(877): App\Database\Migrations\TabelDataPoint->up()
#7 C:\xammp\htdocs\petalokasiobjek\system\Database\MigrationRunner.php(188): CodeIgniter\Database\MigrationRunner->migrate('up', Object(stdClass))
#8 C:\xammp\htdocs\petalokasiobjek\system\Commands\Database\Migrate.php(84): CodeIgniter\Database\MigrationRunner->latest(NULL)
#9 C:\xammp\htdocs\petalokasiobjek\system\CLI\Commands.php(65): CodeIgniter\Commands\Database\Migrate->run(Array)
#10 C:\xammp\htdocs\petalokasiobjek\system\CLI\Console.php(37): CodeIgniter\CLI\Commands->run('migrate', Array)
#11 C:\xammp\htdocs\petalokasiobjek\spark(97): CodeIgniter\CLI\Console->run()
#12 {main}
ERROR - 2023-04-17 08:08:51 --> ErrorException: pg_query(): Query failed: ERROR:  type "geometry" does not exist
LINE 3:  "geom" GEOMETRY NULL,
                ^ in C:\xammp\htdocs\petalokasiobjek\system\Database\Postgre\Connection.php:147
Stack trace:
#0 [internal function]: CodeIgniter\Debug\Exceptions->errorHandler(2, 'pg_query(): Que...', 'C:\\xammp\\htdocs...', 147)
#1 C:\xammp\htdocs\petalokasiobjek\system\Database\Postgre\Connection.php(147): pg_query(Resource id #237, 'CREATE TABLE "t...')
#2 C:\xammp\htdocs\petalokasiobjek\system\Database\BaseConnection.php(691): CodeIgniter\Database\Postgre\Connection->execute('CREATE TABLE "t...')
#3 C:\xammp\htdocs\petalokasiobjek\system\Database\BaseConnection.php(605): CodeIgniter\Database\BaseConnection->simpleQuery('CREATE TABLE "t...')
#4 C:\xammp\htdocs\petalokasiobjek\system\Database\Forge.php(546): CodeIgniter\Database\BaseConnection->query('CREATE TABLE "t...')
#5 C:\xammp\htdocs\petalokasiobjek\app\Database\Migrations\2023-04-17-080222_TabelDataPoint.php(49): CodeIgniter\Database\Forge->createTable('tbl_data_point')
#6 C:\xammp\htdocs\petalokasiobjek\system\Database\MigrationRunner.php(877): App\Database\Migrations\TabelDataPoint->up()
#7 C:\xammp\htdocs\petalokasiobjek\system\Database\MigrationRunner.php(188): CodeIgniter\Database\MigrationRunner->migrate('up', Object(stdClass))
#8 C:\xammp\htdocs\petalokasiobjek\system\Commands\Database\Migrate.php(84): CodeIgniter\Database\MigrationRunner->latest(NULL)
#9 C:\xammp\htdocs\petalokasiobjek\system\CLI\Commands.php(65): CodeIgniter\Commands\Database\Migrate->run(Array)
#10 C:\xammp\htdocs\petalokasiobjek\system\CLI\Console.php(37): CodeIgniter\CLI\Commands->run('migrate', Array)
#11 C:\xammp\htdocs\petalokasiobjek\spark(97): CodeIgniter\CLI\Console->run()
#12 {main}
ERROR - 2023-04-17 08:10:36 --> ErrorException: pg_query(): Query failed: ERROR:  type "geometry" does not exist
LINE 3:  "geom" GEOMETRY NOT NULL,
                ^ in C:\xammp\htdocs\petalokasiobjek\system\Database\Postgre\Connection.php:147
Stack trace:
#0 [internal function]: CodeIgniter\Debug\Exceptions->errorHandler(2, 'pg_query(): Que...', 'C:\\xammp\\htdocs...', 147)
#1 C:\xammp\htdocs\petalokasiobjek\system\Database\Postgre\Connection.php(147): pg_query(Resource id #237, 'CREATE TABLE "t...')
#2 C:\xammp\htdocs\petalokasiobjek\system\Database\BaseConnection.php(691): CodeIgniter\Database\Postgre\Connection->execute('CREATE TABLE "t...')
#3 C:\xammp\htdocs\petalokasiobjek\system\Database\BaseConnection.php(605): CodeIgniter\Database\BaseConnection->simpleQuery('CREATE TABLE "t...')
#4 C:\xammp\htdocs\petalokasiobjek\system\Database\Forge.php(546): CodeIgniter\Database\BaseConnection->query('CREATE TABLE "t...')
#5 C:\xammp\htdocs\petalokasiobjek\app\Database\Migrations\2023-04-17-080222_TabelDataPoint.php(48): CodeIgniter\Database\Forge->createTable('tbl_data_point')
#6 C:\xammp\htdocs\petalokasiobjek\system\Database\MigrationRunner.php(877): App\Database\Migrations\TabelDataPoint->up()
#7 C:\xammp\htdocs\petalokasiobjek\system\Database\MigrationRunner.php(188): CodeIgniter\Database\MigrationRunner->migrate('up', Object(stdClass))
#8 C:\xammp\htdocs\petalokasiobjek\system\Commands\Database\Migrate.php(84): CodeIgniter\Database\MigrationRunner->latest(NULL)
#9 C:\xammp\htdocs\petalokasiobjek\system\CLI\Commands.php(65): CodeIgniter\Commands\Database\Migrate->run(Array)
#10 C:\xammp\htdocs\petalokasiobjek\system\CLI\Console.php(37): CodeIgniter\CLI\Commands->run('migrate', Array)
#11 C:\xammp\htdocs\petalokasiobjek\spark(97): CodeIgniter\CLI\Console->run()
#12 {main}
INFO - 2023-04-17 08:14:08 --> Session: Class initialized using 'CodeIgniter\Session\Handlers\FileHandler' driver.
INFO - 2023-04-17 08:14:09 --> Session: Class initialized using 'CodeIgniter\Session\Handlers\FileHandler' driver.
INFO - 2023-04-17 08:38:57 --> Session: Class initialized using 'CodeIgniter\Session\Handlers\FileHandler' driver.
INFO - 2023-04-17 08:38:58 --> Session: Class initialized using 'CodeIgniter\Session\Handlers\FileHandler' driver.
INFO - 2023-04-17 08:41:27 --> Session: Class initialized using 'CodeIgniter\Session\Handlers\FileHandler' driver.
INFO - 2023-04-17 08:41:27 --> Session: Class initialized using 'CodeIgniter\Session\Handlers\FileHandler' driver.
INFO - 2023-04-17 08:41:27 --> Session: Class initialized using 'CodeIgniter\Session\Handlers\FileHandler' driver.
INFO - 2023-04-17 08:43:07 --> Session: Class initialized using 'CodeIgniter\Session\Handlers\FileHandler' driver.
INFO - 2023-04-17 08:43:08 --> Session: Class initialized using 'CodeIgniter\Session\Handlers\FileHandler' driver.
INFO - 2023-04-17 08:49:44 --> Session: Class initialized using 'CodeIgniter\Session\Handlers\FileHandler' driver.
INFO - 2023-04-17 08:49:45 --> Session: Class initialized using 'CodeIgniter\Session\Handlers\FileHandler' driver.
INFO - 2023-04-17 09:27:42 --> Session: Class initialized using 'CodeIgniter\Session\Handlers\FileHandler' driver.
INFO - 2023-04-17 09:27:42 --> Session: Class initialized using 'CodeIgniter\Session\Handlers\FileHandler' driver.
INFO - 2023-04-17 09:27:54 --> Session: Class initialized using 'CodeIgniter\Session\Handlers\FileHandler' driver.
INFO - 2023-04-17 09:27:55 --> Session: Class initialized using 'CodeIgniter\Session\Handlers\FileHandler' driver.
INFO - 2023-04-17 09:27:55 --> Session: Class initialized using 'CodeIgniter\Session\Handlers\FileHandler' driver.
INFO - 2023-04-17 09:28:09 --> Session: Class initialized using 'CodeIgniter\Session\Handlers\FileHandler' driver.
INFO - 2023-04-17 09:28:10 --> Session: Class initialized using 'CodeIgniter\Session\Handlers\FileHandler' driver.
INFO - 2023-04-17 09:44:33 --> Session: Class initialized using 'CodeIgniter\Session\Handlers\FileHandler' driver.
INFO - 2023-04-17 09:44:33 --> Session: Class initialized using 'CodeIgniter\Session\Handlers\FileHandler' driver.
INFO - 2023-04-17 09:44:54 --> Session: Class initialized using 'CodeIgniter\Session\Handlers\FileHandler' driver.
INFO - 2023-04-17 09:44:55 --> Session: Class initialized using 'CodeIgniter\Session\Handlers\FileHandler' driver.
INFO - 2023-04-17 09:52:21 --> Session: Class initialized using 'CodeIgniter\Session\Handlers\FileHandler' driver.
INFO - 2023-04-17 09:52:28 --> Session: Class initialized using 'CodeIgniter\Session\Handlers\FileHandler' driver.
INFO - 2023-04-17 09:52:29 --> Session: Class initialized using 'CodeIgniter\Session\Handlers\FileHandler' driver.
