CRITICAL - 2023-03-06 06:42:51 --> Undefined array key "deskripsi"
in APPPATH\Controllers\Home.php on line 21.
 1 APPPATH\Controllers\Home.php(21): CodeIgniter\Debug\Exceptions->errorHandler(2, 'Undefined array key "deskripsi"', 'APPPATH\\Controllers\\Home.php', 21)
 2 SYSTEMPATH\CodeIgniter.php(934): App\Controllers\Home->simpan_tambah_data()
 3 SYSTEMPATH\CodeIgniter.php(499): CodeIgniter\CodeIgniter->runController(Object(App\Controllers\Home))
 4 SYSTEMPATH\CodeIgniter.php(368): CodeIgniter\CodeIgniter->handleRequest(null, Object(Config\Cache), false)
 5 FCPATH\index.php(67): CodeIgniter\CodeIgniter->run()
CRITICAL - 2023-03-06 06:45:26 --> Undefined array key "deskripsi"
in APPPATH\Controllers\Home.php on line 21.
 1 APPPATH\Controllers\Home.php(21): CodeIgniter\Debug\Exceptions->errorHandler(2, 'Undefined array key "deskripsi"', 'APPPATH\\Controllers\\Home.php', 21)
 2 SYSTEMPATH\CodeIgniter.php(934): App\Controllers\Home->simpan_tambah_data()
 3 SYSTEMPATH\CodeIgniter.php(499): CodeIgniter\CodeIgniter->runController(Object(App\Controllers\Home))
 4 SYSTEMPATH\CodeIgniter.php(368): CodeIgniter\CodeIgniter->handleRequest(null, Object(Config\Cache), false)
 5 FCPATH\index.php(67): CodeIgniter\CodeIgniter->run()
CRITICAL - 2023-03-06 06:45:31 --> Undefined array key "deskripsi"
in APPPATH\Controllers\Home.php on line 21.
 1 APPPATH\Controllers\Home.php(21): CodeIgniter\Debug\Exceptions->errorHandler(2, 'Undefined array key "deskripsi"', 'APPPATH\\Controllers\\Home.php', 21)
 2 SYSTEMPATH\CodeIgniter.php(934): App\Controllers\Home->simpan_tambah_data()
 3 SYSTEMPATH\CodeIgniter.php(499): CodeIgniter\CodeIgniter->runController(Object(App\Controllers\Home))
 4 SYSTEMPATH\CodeIgniter.php(368): CodeIgniter\CodeIgniter->handleRequest(null, Object(Config\Cache), false)
 5 FCPATH\index.php(67): CodeIgniter\CodeIgniter->run()
CRITICAL - 2023-03-06 06:46:26 --> Undefined array key "deskripsi"
in APPPATH\Controllers\Home.php on line 21.
 1 APPPATH\Controllers\Home.php(21): CodeIgniter\Debug\Exceptions->errorHandler(2, 'Undefined array key "deskripsi"', 'APPPATH\\Controllers\\Home.php', 21)
 2 SYSTEMPATH\CodeIgniter.php(934): App\Controllers\Home->simpan_tambah_data()
 3 SYSTEMPATH\CodeIgniter.php(499): CodeIgniter\CodeIgniter->runController(Object(App\Controllers\Home))
 4 SYSTEMPATH\CodeIgniter.php(368): CodeIgniter\CodeIgniter->handleRequest(null, Object(Config\Cache), false)
 5 FCPATH\index.php(67): CodeIgniter\CodeIgniter->run()
CRITICAL - 2023-03-06 06:47:11 --> Undefined array key "deskripsi"
in APPPATH\Controllers\Home.php on line 21.
 1 APPPATH\Controllers\Home.php(21): CodeIgniter\Debug\Exceptions->errorHandler(2, 'Undefined array key "deskripsi"', 'APPPATH\\Controllers\\Home.php', 21)
 2 SYSTEMPATH\CodeIgniter.php(934): App\Controllers\Home->simpan_tambah_data()
 3 SYSTEMPATH\CodeIgniter.php(499): CodeIgniter\CodeIgniter->runController(Object(App\Controllers\Home))
 4 SYSTEMPATH\CodeIgniter.php(368): CodeIgniter\CodeIgniter->handleRequest(null, Object(Config\Cache), false)
 5 FCPATH\index.php(67): CodeIgniter\CodeIgniter->run()
CRITICAL - 2023-03-06 06:50:32 --> Undefined array key "deskripsi"
in APPPATH\Controllers\Home.php on line 21.
 1 APPPATH\Controllers\Home.php(21): CodeIgniter\Debug\Exceptions->errorHandler(2, 'Undefined array key "deskripsi"', 'APPPATH\\Controllers\\Home.php', 21)
 2 SYSTEMPATH\CodeIgniter.php(934): App\Controllers\Home->simpan_tambah_data()
 3 SYSTEMPATH\CodeIgniter.php(499): CodeIgniter\CodeIgniter->runController(Object(App\Controllers\Home))
 4 SYSTEMPATH\CodeIgniter.php(368): CodeIgniter\CodeIgniter->handleRequest(null, Object(Config\Cache), false)
 5 FCPATH\index.php(67): CodeIgniter\CodeIgniter->run()
CRITICAL - 2023-03-06 06:50:36 --> Undefined array key "deskripsi"
in APPPATH\Controllers\Home.php on line 21.
 1 APPPATH\Controllers\Home.php(21): CodeIgniter\Debug\Exceptions->errorHandler(2, 'Undefined array key "deskripsi"', 'APPPATH\\Controllers\\Home.php', 21)
 2 SYSTEMPATH\CodeIgniter.php(934): App\Controllers\Home->simpan_tambah_data()
 3 SYSTEMPATH\CodeIgniter.php(499): CodeIgniter\CodeIgniter->runController(Object(App\Controllers\Home))
 4 SYSTEMPATH\CodeIgniter.php(368): CodeIgniter\CodeIgniter->handleRequest(null, Object(Config\Cache), false)
 5 FCPATH\index.php(67): CodeIgniter\CodeIgniter->run()
CRITICAL - 2023-03-06 06:50:48 --> Undefined array key "deskripsi"
in APPPATH\Controllers\Home.php on line 21.
 1 APPPATH\Controllers\Home.php(21): CodeIgniter\Debug\Exceptions->errorHandler(2, 'Undefined array key "deskripsi"', 'APPPATH\\Controllers\\Home.php', 21)
 2 SYSTEMPATH\CodeIgniter.php(934): App\Controllers\Home->simpan_tambah_data()
 3 SYSTEMPATH\CodeIgniter.php(499): CodeIgniter\CodeIgniter->runController(Object(App\Controllers\Home))
 4 SYSTEMPATH\CodeIgniter.php(368): CodeIgniter\CodeIgniter->handleRequest(null, Object(Config\Cache), false)
 5 FCPATH\index.php(67): CodeIgniter\CodeIgniter->run()
CRITICAL - 2023-03-06 06:51:11 --> Undefined array key "deskripsi"
in APPPATH\Controllers\Home.php on line 21.
 1 APPPATH\Controllers\Home.php(21): CodeIgniter\Debug\Exceptions->errorHandler(2, 'Undefined array key "deskripsi"', 'APPPATH\\Controllers\\Home.php', 21)
 2 SYSTEMPATH\CodeIgniter.php(934): App\Controllers\Home->simpan_tambah_data()
 3 SYSTEMPATH\CodeIgniter.php(499): CodeIgniter\CodeIgniter->runController(Object(App\Controllers\Home))
 4 SYSTEMPATH\CodeIgniter.php(368): CodeIgniter\CodeIgniter->handleRequest(null, Object(Config\Cache), false)
 5 FCPATH\index.php(67): CodeIgniter\CodeIgniter->run()
CRITICAL - 2023-03-06 06:51:14 --> Undefined array key "deskripsi"
in APPPATH\Controllers\Home.php on line 21.
 1 APPPATH\Controllers\Home.php(21): CodeIgniter\Debug\Exceptions->errorHandler(2, 'Undefined array key "deskripsi"', 'APPPATH\\Controllers\\Home.php', 21)
 2 SYSTEMPATH\CodeIgniter.php(934): App\Controllers\Home->simpan_tambah_data()
 3 SYSTEMPATH\CodeIgniter.php(499): CodeIgniter\CodeIgniter->runController(Object(App\Controllers\Home))
 4 SYSTEMPATH\CodeIgniter.php(368): CodeIgniter\CodeIgniter->handleRequest(null, Object(Config\Cache), false)
 5 FCPATH\index.php(67): CodeIgniter\CodeIgniter->run()
CRITICAL - 2023-03-06 06:52:59 --> Invalid file: "v_peta.php"
in SYSTEMPATH\Exceptions\FrameworkException.php on line 33.
 1 SYSTEMPATH\View\View.php(201): CodeIgniter\Exceptions\FrameworkException::forInvalidFile('v_peta.php')
 2 SYSTEMPATH\Common.php(1184): CodeIgniter\View\View->render('v_peta', [], true)
 3 APPPATH\Controllers\Home.php(9): view('v_peta')
 4 SYSTEMPATH\CodeIgniter.php(934): App\Controllers\Home->index()
 5 SYSTEMPATH\CodeIgniter.php(499): CodeIgniter\CodeIgniter->runController(Object(App\Controllers\Home))
 6 SYSTEMPATH\CodeIgniter.php(368): CodeIgniter\CodeIgniter->handleRequest(null, Object(Config\Cache), false)
 7 FCPATH\index.php(67): CodeIgniter\CodeIgniter->run()
CRITICAL - 2023-03-06 06:53:45 --> Undefined array key "deskripsi"
in APPPATH\Controllers\Home.php on line 21.
 1 APPPATH\Controllers\Home.php(21): CodeIgniter\Debug\Exceptions->errorHandler(2, 'Undefined array key "deskripsi"', 'APPPATH\\Controllers\\Home.php', 21)
 2 SYSTEMPATH\CodeIgniter.php(934): App\Controllers\Home->simpan_tambah_data()
 3 SYSTEMPATH\CodeIgniter.php(499): CodeIgniter\CodeIgniter->runController(Object(App\Controllers\Home))
 4 SYSTEMPATH\CodeIgniter.php(368): CodeIgniter\CodeIgniter->handleRequest(null, Object(Config\Cache), false)
 5 FCPATH\index.php(67): CodeIgniter\CodeIgniter->run()
CRITICAL - 2023-03-06 07:23:07 --> Undefined array key "deskripsi"
in APPPATH\Controllers\Home.php on line 31.
 1 APPPATH\Controllers\Home.php(31): CodeIgniter\Debug\Exceptions->errorHandler(2, 'Undefined array key "deskripsi"', 'APPPATH\\Controllers\\Home.php', 31)
 2 SYSTEMPATH\CodeIgniter.php(934): App\Controllers\Home->simpan_tambah_data()
 3 SYSTEMPATH\CodeIgniter.php(499): CodeIgniter\CodeIgniter->runController(Object(App\Controllers\Home))
 4 SYSTEMPATH\CodeIgniter.php(368): CodeIgniter\CodeIgniter->handleRequest(null, Object(Config\Cache), false)
 5 FCPATH\index.php(67): CodeIgniter\CodeIgniter->run()
CRITICAL - 2023-03-06 07:23:54 --> Undefined array key "deskripsi"
in APPPATH\Controllers\Home.php on line 31.
 1 APPPATH\Controllers\Home.php(31): CodeIgniter\Debug\Exceptions->errorHandler(2, 'Undefined array key "deskripsi"', 'APPPATH\\Controllers\\Home.php', 31)
 2 SYSTEMPATH\CodeIgniter.php(934): App\Controllers\Home->simpan_tambah_data()
 3 SYSTEMPATH\CodeIgniter.php(499): CodeIgniter\CodeIgniter->runController(Object(App\Controllers\Home))
 4 SYSTEMPATH\CodeIgniter.php(368): CodeIgniter\CodeIgniter->handleRequest(null, Object(Config\Cache), false)
 5 FCPATH\index.php(67): CodeIgniter\CodeIgniter->run()
CRITICAL - 2023-03-06 07:26:17 --> Undefined array key "deskripsi"
in APPPATH\Controllers\Home.php on line 31.
 1 APPPATH\Controllers\Home.php(31): CodeIgniter\Debug\Exceptions->errorHandler(2, 'Undefined array key "deskripsi"', 'APPPATH\\Controllers\\Home.php', 31)
 2 SYSTEMPATH\CodeIgniter.php(934): App\Controllers\Home->simpan_tambah_data()
 3 SYSTEMPATH\CodeIgniter.php(499): CodeIgniter\CodeIgniter->runController(Object(App\Controllers\Home))
 4 SYSTEMPATH\CodeIgniter.php(368): CodeIgniter\CodeIgniter->handleRequest(null, Object(Config\Cache), false)
 5 FCPATH\index.php(67): CodeIgniter\CodeIgniter->run()
CRITICAL - 2023-03-06 07:27:38 --> Undefined array key "deskripsi"
in APPPATH\Controllers\Home.php on line 31.
 1 APPPATH\Controllers\Home.php(31): CodeIgniter\Debug\Exceptions->errorHandler(2, 'Undefined array key "deskripsi"', 'APPPATH\\Controllers\\Home.php', 31)
 2 SYSTEMPATH\CodeIgniter.php(934): App\Controllers\Home->simpan_tambah_data()
 3 SYSTEMPATH\CodeIgniter.php(499): CodeIgniter\CodeIgniter->runController(Object(App\Controllers\Home))
 4 SYSTEMPATH\CodeIgniter.php(368): CodeIgniter\CodeIgniter->handleRequest(null, Object(Config\Cache), false)
 5 FCPATH\index.php(67): CodeIgniter\CodeIgniter->run()
CRITICAL - 2023-03-06 07:39:08 --> Undefined array key "deskripsi"
in APPPATH\Controllers\Home.php on line 31.
 1 APPPATH\Controllers\Home.php(31): CodeIgniter\Debug\Exceptions->errorHandler(2, 'Undefined array key "deskripsi"', 'APPPATH\\Controllers\\Home.php', 31)
 2 SYSTEMPATH\CodeIgniter.php(934): App\Controllers\Home->simpan_tambah_data()
 3 SYSTEMPATH\CodeIgniter.php(499): CodeIgniter\CodeIgniter->runController(Object(App\Controllers\Home))
 4 SYSTEMPATH\CodeIgniter.php(368): CodeIgniter\CodeIgniter->handleRequest(null, Object(Config\Cache), false)
 5 FCPATH\index.php(67): CodeIgniter\CodeIgniter->run()
CRITICAL - 2023-03-06 07:39:11 --> Undefined array key "deskripsi"
in APPPATH\Controllers\Home.php on line 31.
 1 APPPATH\Controllers\Home.php(31): CodeIgniter\Debug\Exceptions->errorHandler(2, 'Undefined array key "deskripsi"', 'APPPATH\\Controllers\\Home.php', 31)
 2 SYSTEMPATH\CodeIgniter.php(934): App\Controllers\Home->simpan_tambah_data()
 3 SYSTEMPATH\CodeIgniter.php(499): CodeIgniter\CodeIgniter->runController(Object(App\Controllers\Home))
 4 SYSTEMPATH\CodeIgniter.php(368): CodeIgniter\CodeIgniter->handleRequest(null, Object(Config\Cache), false)
 5 FCPATH\index.php(67): CodeIgniter\CodeIgniter->run()
CRITICAL - 2023-03-06 07:43:14 --> Undefined array key "deskripsi"
in APPPATH\Controllers\Home.php on line 31.
 1 APPPATH\Controllers\Home.php(31): CodeIgniter\Debug\Exceptions->errorHandler(2, 'Undefined array key "deskripsi"', 'APPPATH\\Controllers\\Home.php', 31)
 2 SYSTEMPATH\CodeIgniter.php(934): App\Controllers\Home->simpan_tambah_data()
 3 SYSTEMPATH\CodeIgniter.php(499): CodeIgniter\CodeIgniter->runController(Object(App\Controllers\Home))
 4 SYSTEMPATH\CodeIgniter.php(368): CodeIgniter\CodeIgniter->handleRequest(null, Object(Config\Cache), false)
 5 FCPATH\index.php(67): CodeIgniter\CodeIgniter->run()
CRITICAL - 2023-03-06 07:50:35 --> Undefined array key "deskripsi"
in APPPATH\Controllers\Home.php on line 31.
 1 APPPATH\Controllers\Home.php(31): CodeIgniter\Debug\Exceptions->errorHandler(2, 'Undefined array key "deskripsi"', 'APPPATH\\Controllers\\Home.php', 31)
 2 SYSTEMPATH\CodeIgniter.php(934): App\Controllers\Home->simpan_tambah_data()
 3 SYSTEMPATH\CodeIgniter.php(499): CodeIgniter\CodeIgniter->runController(Object(App\Controllers\Home))
 4 SYSTEMPATH\CodeIgniter.php(368): CodeIgniter\CodeIgniter->handleRequest(null, Object(Config\Cache), false)
 5 FCPATH\index.php(67): CodeIgniter\CodeIgniter->run()
CRITICAL - 2023-03-06 07:54:35 --> Undefined array key "deskripsi"
in APPPATH\Controllers\Home.php on line 31.
 1 APPPATH\Controllers\Home.php(31): CodeIgniter\Debug\Exceptions->errorHandler(2, 'Undefined array key "deskripsi"', 'APPPATH\\Controllers\\Home.php', 31)
 2 SYSTEMPATH\CodeIgniter.php(934): App\Controllers\Home->simpan_tambah_data()
 3 SYSTEMPATH\CodeIgniter.php(499): CodeIgniter\CodeIgniter->runController(Object(App\Controllers\Home))
 4 SYSTEMPATH\CodeIgniter.php(368): CodeIgniter\CodeIgniter->handleRequest(null, Object(Config\Cache), false)
 5 FCPATH\index.php(67): CodeIgniter\CodeIgniter->run()
CRITICAL - 2023-03-06 07:56:03 --> Undefined array key "deskripsi"
in APPPATH\Controllers\Home.php on line 31.
 1 APPPATH\Controllers\Home.php(31): CodeIgniter\Debug\Exceptions->errorHandler(2, 'Undefined array key "deskripsi"', 'APPPATH\\Controllers\\Home.php', 31)
 2 SYSTEMPATH\CodeIgniter.php(934): App\Controllers\Home->simpan_tambah_data()
 3 SYSTEMPATH\CodeIgniter.php(499): CodeIgniter\CodeIgniter->runController(Object(App\Controllers\Home))
 4 SYSTEMPATH\CodeIgniter.php(368): CodeIgniter\CodeIgniter->handleRequest(null, Object(Config\Cache), false)
 5 FCPATH\index.php(67): CodeIgniter\CodeIgniter->run()
CRITICAL - 2023-03-06 07:56:35 --> Undefined array key "deskripsi"
in APPPATH\Controllers\Home.php on line 31.
 1 APPPATH\Controllers\Home.php(31): CodeIgniter\Debug\Exceptions->errorHandler(2, 'Undefined array key "deskripsi"', 'APPPATH\\Controllers\\Home.php', 31)
 2 SYSTEMPATH\CodeIgniter.php(934): App\Controllers\Home->simpan_tambah_data()
 3 SYSTEMPATH\CodeIgniter.php(499): CodeIgniter\CodeIgniter->runController(Object(App\Controllers\Home))
 4 SYSTEMPATH\CodeIgniter.php(368): CodeIgniter\CodeIgniter->handleRequest(null, Object(Config\Cache), false)
 5 FCPATH\index.php(67): CodeIgniter\CodeIgniter->run()
CRITICAL - 2023-03-06 07:58:35 --> Undefined array key "deskripsi"
in APPPATH\Controllers\Home.php on line 31.
 1 APPPATH\Controllers\Home.php(31): CodeIgniter\Debug\Exceptions->errorHandler(2, 'Undefined array key "deskripsi"', 'APPPATH\\Controllers\\Home.php', 31)
 2 SYSTEMPATH\CodeIgniter.php(934): App\Controllers\Home->simpan_tambah_data()
 3 SYSTEMPATH\CodeIgniter.php(499): CodeIgniter\CodeIgniter->runController(Object(App\Controllers\Home))
 4 SYSTEMPATH\CodeIgniter.php(368): CodeIgniter\CodeIgniter->handleRequest(null, Object(Config\Cache), false)
 5 FCPATH\index.php(67): CodeIgniter\CodeIgniter->run()
CRITICAL - 2023-03-06 07:58:44 --> Undefined array key "deskripsi"
in APPPATH\Controllers\Home.php on line 31.
 1 APPPATH\Controllers\Home.php(31): CodeIgniter\Debug\Exceptions->errorHandler(2, 'Undefined array key "deskripsi"', 'APPPATH\\Controllers\\Home.php', 31)
 2 SYSTEMPATH\CodeIgniter.php(934): App\Controllers\Home->simpan_tambah_data()
 3 SYSTEMPATH\CodeIgniter.php(499): CodeIgniter\CodeIgniter->runController(Object(App\Controllers\Home))
 4 SYSTEMPATH\CodeIgniter.php(368): CodeIgniter\CodeIgniter->handleRequest(null, Object(Config\Cache), false)
 5 FCPATH\index.php(67): CodeIgniter\CodeIgniter->run()
CRITICAL - 2023-03-06 08:00:10 --> Undefined array key "deskripsi"
in APPPATH\Controllers\Home.php on line 31.
 1 APPPATH\Controllers\Home.php(31): CodeIgniter\Debug\Exceptions->errorHandler(2, 'Undefined array key "deskripsi"', 'APPPATH\\Controllers\\Home.php', 31)
 2 SYSTEMPATH\CodeIgniter.php(934): App\Controllers\Home->simpan_tambah_data()
 3 SYSTEMPATH\CodeIgniter.php(499): CodeIgniter\CodeIgniter->runController(Object(App\Controllers\Home))
 4 SYSTEMPATH\CodeIgniter.php(368): CodeIgniter\CodeIgniter->handleRequest(null, Object(Config\Cache), false)
 5 FCPATH\index.php(67): CodeIgniter\CodeIgniter->run()
CRITICAL - 2023-03-06 08:01:01 --> Undefined array key "deskripsi"
in APPPATH\Controllers\Home.php on line 31.
 1 APPPATH\Controllers\Home.php(31): CodeIgniter\Debug\Exceptions->errorHandler(2, 'Undefined array key "deskripsi"', 'APPPATH\\Controllers\\Home.php', 31)
 2 SYSTEMPATH\CodeIgniter.php(934): App\Controllers\Home->simpan_tambah_data()
 3 SYSTEMPATH\CodeIgniter.php(499): CodeIgniter\CodeIgniter->runController(Object(App\Controllers\Home))
 4 SYSTEMPATH\CodeIgniter.php(368): CodeIgniter\CodeIgniter->handleRequest(null, Object(Config\Cache), false)
 5 FCPATH\index.php(67): CodeIgniter\CodeIgniter->run()
ERROR - 2023-03-06 08:01:33 --> ErrorException: pg_query(): Query failed: ERROR:  null value in column &quot;latitude&quot; of relation &quot;datalokasiobjek&quot; violates not-null constraint
DETAIL:  Failing row contains (1, Titik 0 Jogja, titik 0 km, null, 110.3646400, null, 2023-03-06 08:01:33, 2023-03-06 08:01:33, null). in C:\xammp\htdocs\petalokasiobjek\system\Database\Postgre\Connection.php:147
Stack trace:
#0 [internal function]: CodeIgniter\Debug\Exceptions->errorHandler(2, 'pg_query(): Que...', 'C:\\xammp\\htdocs...', 147)
#1 C:\xammp\htdocs\petalokasiobjek\system\Database\Postgre\Connection.php(147): pg_query(Resource id #129, 'INSERT INTO "da...')
#2 C:\xammp\htdocs\petalokasiobjek\system\Database\BaseConnection.php(691): CodeIgniter\Database\Postgre\Connection->execute('INSERT INTO "da...')
#3 C:\xammp\htdocs\petalokasiobjek\system\Database\BaseConnection.php(605): CodeIgniter\Database\BaseConnection->simpleQuery('INSERT INTO "da...')
#4 C:\xammp\htdocs\petalokasiobjek\system\Database\BaseBuilder.php(2309): CodeIgniter\Database\BaseConnection->query('INSERT INTO "da...', Array, false)
#5 C:\xammp\htdocs\petalokasiobjek\system\Model.php(330): CodeIgniter\Database\BaseBuilder->insert()
#6 C:\xammp\htdocs\petalokasiobjek\system\BaseModel.php(782): CodeIgniter\Model->doInsert(Array)
#7 C:\xammp\htdocs\petalokasiobjek\system\Model.php(730): CodeIgniter\BaseModel->insert(Array, false)
#8 C:\xammp\htdocs\petalokasiobjek\system\BaseModel.php(692): CodeIgniter\Model->insert(Array, false)
#9 C:\xammp\htdocs\petalokasiobjek\app\Controllers\Home.php(36): CodeIgniter\BaseModel->save(Array)
#10 C:\xammp\htdocs\petalokasiobjek\system\CodeIgniter.php(934): App\Controllers\Home->simpan_tambah_data()
#11 C:\xammp\htdocs\petalokasiobjek\system\CodeIgniter.php(499): CodeIgniter\CodeIgniter->runController(Object(App\Controllers\Home))
#12 C:\xammp\htdocs\petalokasiobjek\system\CodeIgniter.php(368): CodeIgniter\CodeIgniter->handleRequest(NULL, Object(Config\Cache), false)
#13 C:\xammp\htdocs\petalokasiobjek\public\index.php(67): CodeIgniter\CodeIgniter->run()
#14 {main}
CRITICAL - 2023-03-06 08:01:33 --> pg_query(): Query failed: ERROR:  null value in column &quot;latitude&quot; of relation &quot;datalokasiobjek&quot; violates not-null constraint
DETAIL:  Failing row contains (1, Titik 0 Jogja, titik 0 km, null, 110.3646400, null, 2023-03-06 08:01:33, 2023-03-06 08:01:33, null).
in SYSTEMPATH\Database\BaseConnection.php on line 645.
 1 SYSTEMPATH\Database\BaseBuilder.php(2309): CodeIgniter\Database\BaseConnection->query('INSERT INTO "datalokasiobjek" ("nama", "deskripsi", "longitude", "created_at", "updated_at") VALUES (:nama:, :deskripsi:, :longitude:, :created_at:, :updated_at:)', [...], false)
 2 SYSTEMPATH\Model.php(330): CodeIgniter\Database\BaseBuilder->insert()
 3 SYSTEMPATH\BaseModel.php(782): CodeIgniter\Model->doInsert([...])
 4 SYSTEMPATH\Model.php(730): CodeIgniter\BaseModel->insert([...], false)
 5 SYSTEMPATH\BaseModel.php(692): CodeIgniter\Model->insert([...], false)
 6 APPPATH\Controllers\Home.php(36): CodeIgniter\BaseModel->save([...])
 7 SYSTEMPATH\CodeIgniter.php(934): App\Controllers\Home->simpan_tambah_data()
 8 SYSTEMPATH\CodeIgniter.php(499): CodeIgniter\CodeIgniter->runController(Object(App\Controllers\Home))
 9 SYSTEMPATH\CodeIgniter.php(368): CodeIgniter\CodeIgniter->handleRequest(null, Object(Config\Cache), false)
10 FCPATH\index.php(67): CodeIgniter\CodeIgniter->run()
ERROR - 2023-03-06 08:01:55 --> ErrorException: pg_query(): Query failed: ERROR:  null value in column &quot;latitude&quot; of relation &quot;datalokasiobjek&quot; violates not-null constraint
DETAIL:  Failing row contains (2, Titik 0 Jogja, titik 0 km, null, 110.3646400, null, 2023-03-06 08:01:55, 2023-03-06 08:01:55, null). in C:\xammp\htdocs\petalokasiobjek\system\Database\Postgre\Connection.php:147
Stack trace:
#0 [internal function]: CodeIgniter\Debug\Exceptions->errorHandler(2, 'pg_query(): Que...', 'C:\\xammp\\htdocs...', 147)
#1 C:\xammp\htdocs\petalokasiobjek\system\Database\Postgre\Connection.php(147): pg_query(Resource id #129, 'INSERT INTO "da...')
#2 C:\xammp\htdocs\petalokasiobjek\system\Database\BaseConnection.php(691): CodeIgniter\Database\Postgre\Connection->execute('INSERT INTO "da...')
#3 C:\xammp\htdocs\petalokasiobjek\system\Database\BaseConnection.php(605): CodeIgniter\Database\BaseConnection->simpleQuery('INSERT INTO "da...')
#4 C:\xammp\htdocs\petalokasiobjek\system\Database\BaseBuilder.php(2309): CodeIgniter\Database\BaseConnection->query('INSERT INTO "da...', Array, false)
#5 C:\xammp\htdocs\petalokasiobjek\system\Model.php(330): CodeIgniter\Database\BaseBuilder->insert()
#6 C:\xammp\htdocs\petalokasiobjek\system\BaseModel.php(782): CodeIgniter\Model->doInsert(Array)
#7 C:\xammp\htdocs\petalokasiobjek\system\Model.php(730): CodeIgniter\BaseModel->insert(Array, false)
#8 C:\xammp\htdocs\petalokasiobjek\system\BaseModel.php(692): CodeIgniter\Model->insert(Array, false)
#9 C:\xammp\htdocs\petalokasiobjek\app\Controllers\Home.php(36): CodeIgniter\BaseModel->save(Array)
#10 C:\xammp\htdocs\petalokasiobjek\system\CodeIgniter.php(934): App\Controllers\Home->simpan_tambah_data()
#11 C:\xammp\htdocs\petalokasiobjek\system\CodeIgniter.php(499): CodeIgniter\CodeIgniter->runController(Object(App\Controllers\Home))
#12 C:\xammp\htdocs\petalokasiobjek\system\CodeIgniter.php(368): CodeIgniter\CodeIgniter->handleRequest(NULL, Object(Config\Cache), false)
#13 C:\xammp\htdocs\petalokasiobjek\public\index.php(67): CodeIgniter\CodeIgniter->run()
#14 {main}
CRITICAL - 2023-03-06 08:01:55 --> pg_query(): Query failed: ERROR:  null value in column &quot;latitude&quot; of relation &quot;datalokasiobjek&quot; violates not-null constraint
DETAIL:  Failing row contains (2, Titik 0 Jogja, titik 0 km, null, 110.3646400, null, 2023-03-06 08:01:55, 2023-03-06 08:01:55, null).
in SYSTEMPATH\Database\BaseConnection.php on line 645.
 1 SYSTEMPATH\Database\BaseBuilder.php(2309): CodeIgniter\Database\BaseConnection->query('INSERT INTO "datalokasiobjek" ("nama", "deskripsi", "longitude", "created_at", "updated_at") VALUES (:nama:, :deskripsi:, :longitude:, :created_at:, :updated_at:)', [...], false)
 2 SYSTEMPATH\Model.php(330): CodeIgniter\Database\BaseBuilder->insert()
 3 SYSTEMPATH\BaseModel.php(782): CodeIgniter\Model->doInsert([...])
 4 SYSTEMPATH\Model.php(730): CodeIgniter\BaseModel->insert([...], false)
 5 SYSTEMPATH\BaseModel.php(692): CodeIgniter\Model->insert([...], false)
 6 APPPATH\Controllers\Home.php(36): CodeIgniter\BaseModel->save([...])
 7 SYSTEMPATH\CodeIgniter.php(934): App\Controllers\Home->simpan_tambah_data()
 8 SYSTEMPATH\CodeIgniter.php(499): CodeIgniter\CodeIgniter->runController(Object(App\Controllers\Home))
 9 SYSTEMPATH\CodeIgniter.php(368): CodeIgniter\CodeIgniter->handleRequest(null, Object(Config\Cache), false)
10 FCPATH\index.php(67): CodeIgniter\CodeIgniter->run()
ERROR - 2023-03-06 08:04:21 --> ErrorException: pg_query(): Query failed: ERROR:  null value in column &quot;latitude&quot; of relation &quot;datalokasiobjek&quot; violates not-null constraint
DETAIL:  Failing row contains (1, Titik 0 Jogja, titik 0 km, null, 110.3646400, null, 2023-03-06 08:04:21, 2023-03-06 08:04:21, null). in C:\xammp\htdocs\petalokasiobjek\system\Database\Postgre\Connection.php:147
Stack trace:
#0 [internal function]: CodeIgniter\Debug\Exceptions->errorHandler(2, 'pg_query(): Que...', 'C:\\xammp\\htdocs...', 147)
#1 C:\xammp\htdocs\petalokasiobjek\system\Database\Postgre\Connection.php(147): pg_query(Resource id #129, 'INSERT INTO "da...')
#2 C:\xammp\htdocs\petalokasiobjek\system\Database\BaseConnection.php(691): CodeIgniter\Database\Postgre\Connection->execute('INSERT INTO "da...')
#3 C:\xammp\htdocs\petalokasiobjek\system\Database\BaseConnection.php(605): CodeIgniter\Database\BaseConnection->simpleQuery('INSERT INTO "da...')
#4 C:\xammp\htdocs\petalokasiobjek\system\Database\BaseBuilder.php(2309): CodeIgniter\Database\BaseConnection->query('INSERT INTO "da...', Array, false)
#5 C:\xammp\htdocs\petalokasiobjek\system\Model.php(330): CodeIgniter\Database\BaseBuilder->insert()
#6 C:\xammp\htdocs\petalokasiobjek\system\BaseModel.php(782): CodeIgniter\Model->doInsert(Array)
#7 C:\xammp\htdocs\petalokasiobjek\system\Model.php(730): CodeIgniter\BaseModel->insert(Array, false)
#8 C:\xammp\htdocs\petalokasiobjek\system\BaseModel.php(692): CodeIgniter\Model->insert(Array, false)
#9 C:\xammp\htdocs\petalokasiobjek\app\Controllers\Home.php(36): CodeIgniter\BaseModel->save(Array)
#10 C:\xammp\htdocs\petalokasiobjek\system\CodeIgniter.php(934): App\Controllers\Home->simpan_tambah_data()
#11 C:\xammp\htdocs\petalokasiobjek\system\CodeIgniter.php(499): CodeIgniter\CodeIgniter->runController(Object(App\Controllers\Home))
#12 C:\xammp\htdocs\petalokasiobjek\system\CodeIgniter.php(368): CodeIgniter\CodeIgniter->handleRequest(NULL, Object(Config\Cache), false)
#13 C:\xammp\htdocs\petalokasiobjek\public\index.php(67): CodeIgniter\CodeIgniter->run()
#14 {main}
CRITICAL - 2023-03-06 08:04:21 --> pg_query(): Query failed: ERROR:  null value in column &quot;latitude&quot; of relation &quot;datalokasiobjek&quot; violates not-null constraint
DETAIL:  Failing row contains (1, Titik 0 Jogja, titik 0 km, null, 110.3646400, null, 2023-03-06 08:04:21, 2023-03-06 08:04:21, null).
in SYSTEMPATH\Database\BaseConnection.php on line 645.
 1 SYSTEMPATH\Database\BaseBuilder.php(2309): CodeIgniter\Database\BaseConnection->query('INSERT INTO "datalokasiobjek" ("nama", "deskripsi", "longitude", "created_at", "updated_at") VALUES (:nama:, :deskripsi:, :longitude:, :created_at:, :updated_at:)', [...], false)
 2 SYSTEMPATH\Model.php(330): CodeIgniter\Database\BaseBuilder->insert()
 3 SYSTEMPATH\BaseModel.php(782): CodeIgniter\Model->doInsert([...])
 4 SYSTEMPATH\Model.php(730): CodeIgniter\BaseModel->insert([...], false)
 5 SYSTEMPATH\BaseModel.php(692): CodeIgniter\Model->insert([...], false)
 6 APPPATH\Controllers\Home.php(36): CodeIgniter\BaseModel->save([...])
 7 SYSTEMPATH\CodeIgniter.php(934): App\Controllers\Home->simpan_tambah_data()
 8 SYSTEMPATH\CodeIgniter.php(499): CodeIgniter\CodeIgniter->runController(Object(App\Controllers\Home))
 9 SYSTEMPATH\CodeIgniter.php(368): CodeIgniter\CodeIgniter->handleRequest(null, Object(Config\Cache), false)
10 FCPATH\index.php(67): CodeIgniter\CodeIgniter->run()
ERROR - 2023-03-06 08:06:05 --> ErrorException: pg_query(): Query failed: ERROR:  null value in column &quot;latitude&quot; of relation &quot;datalokasiobjek&quot; violates not-null constraint
DETAIL:  Failing row contains (1, Titik 0 Jogja, 0 km, null, 110.3646400, null, 2023-03-06 08:06:05, 2023-03-06 08:06:05, null). in C:\xammp\htdocs\petalokasiobjek\system\Database\Postgre\Connection.php:147
Stack trace:
#0 [internal function]: CodeIgniter\Debug\Exceptions->errorHandler(2, 'pg_query(): Que...', 'C:\\xammp\\htdocs...', 147)
#1 C:\xammp\htdocs\petalokasiobjek\system\Database\Postgre\Connection.php(147): pg_query(Resource id #129, 'INSERT INTO "da...')
#2 C:\xammp\htdocs\petalokasiobjek\system\Database\BaseConnection.php(691): CodeIgniter\Database\Postgre\Connection->execute('INSERT INTO "da...')
#3 C:\xammp\htdocs\petalokasiobjek\system\Database\BaseConnection.php(605): CodeIgniter\Database\BaseConnection->simpleQuery('INSERT INTO "da...')
#4 C:\xammp\htdocs\petalokasiobjek\system\Database\BaseBuilder.php(2309): CodeIgniter\Database\BaseConnection->query('INSERT INTO "da...', Array, false)
#5 C:\xammp\htdocs\petalokasiobjek\system\Model.php(330): CodeIgniter\Database\BaseBuilder->insert()
#6 C:\xammp\htdocs\petalokasiobjek\system\BaseModel.php(782): CodeIgniter\Model->doInsert(Array)
#7 C:\xammp\htdocs\petalokasiobjek\system\Model.php(730): CodeIgniter\BaseModel->insert(Array, false)
#8 C:\xammp\htdocs\petalokasiobjek\system\BaseModel.php(692): CodeIgniter\Model->insert(Array, false)
#9 C:\xammp\htdocs\petalokasiobjek\app\Controllers\Home.php(36): CodeIgniter\BaseModel->save(Array)
#10 C:\xammp\htdocs\petalokasiobjek\system\CodeIgniter.php(934): App\Controllers\Home->simpan_tambah_data()
#11 C:\xammp\htdocs\petalokasiobjek\system\CodeIgniter.php(499): CodeIgniter\CodeIgniter->runController(Object(App\Controllers\Home))
#12 C:\xammp\htdocs\petalokasiobjek\system\CodeIgniter.php(368): CodeIgniter\CodeIgniter->handleRequest(NULL, Object(Config\Cache), false)
#13 C:\xammp\htdocs\petalokasiobjek\public\index.php(67): CodeIgniter\CodeIgniter->run()
#14 {main}
CRITICAL - 2023-03-06 08:06:05 --> pg_query(): Query failed: ERROR:  null value in column &quot;latitude&quot; of relation &quot;datalokasiobjek&quot; violates not-null constraint
DETAIL:  Failing row contains (1, Titik 0 Jogja, 0 km, null, 110.3646400, null, 2023-03-06 08:06:05, 2023-03-06 08:06:05, null).
in SYSTEMPATH\Database\BaseConnection.php on line 645.
 1 SYSTEMPATH\Database\BaseBuilder.php(2309): CodeIgniter\Database\BaseConnection->query('INSERT INTO "datalokasiobjek" ("nama", "deskripsi", "longitude", "created_at", "updated_at") VALUES (:nama:, :deskripsi:, :longitude:, :created_at:, :updated_at:)', [...], false)
 2 SYSTEMPATH\Model.php(330): CodeIgniter\Database\BaseBuilder->insert()
 3 SYSTEMPATH\BaseModel.php(782): CodeIgniter\Model->doInsert([...])
 4 SYSTEMPATH\Model.php(730): CodeIgniter\BaseModel->insert([...], false)
 5 SYSTEMPATH\BaseModel.php(692): CodeIgniter\Model->insert([...], false)
 6 APPPATH\Controllers\Home.php(36): CodeIgniter\BaseModel->save([...])
 7 SYSTEMPATH\CodeIgniter.php(934): App\Controllers\Home->simpan_tambah_data()
 8 SYSTEMPATH\CodeIgniter.php(499): CodeIgniter\CodeIgniter->runController(Object(App\Controllers\Home))
 9 SYSTEMPATH\CodeIgniter.php(368): CodeIgniter\CodeIgniter->handleRequest(null, Object(Config\Cache), false)
10 FCPATH\index.php(67): CodeIgniter\CodeIgniter->run()
ERROR - 2023-03-06 08:08:06 --> ErrorException: pg_query(): Query failed: ERROR:  null value in column &quot;latitude&quot; of relation &quot;datalokasiobjek&quot; violates not-null constraint
DETAIL:  Failing row contains (2, bygt, vft7, null, 110.3723200, null, 2023-03-06 08:08:06, 2023-03-06 08:08:06, null). in C:\xammp\htdocs\petalokasiobjek\system\Database\Postgre\Connection.php:147
Stack trace:
#0 [internal function]: CodeIgniter\Debug\Exceptions->errorHandler(2, 'pg_query(): Que...', 'C:\\xammp\\htdocs...', 147)
#1 C:\xammp\htdocs\petalokasiobjek\system\Database\Postgre\Connection.php(147): pg_query(Resource id #129, 'INSERT INTO "da...')
#2 C:\xammp\htdocs\petalokasiobjek\system\Database\BaseConnection.php(691): CodeIgniter\Database\Postgre\Connection->execute('INSERT INTO "da...')
#3 C:\xammp\htdocs\petalokasiobjek\system\Database\BaseConnection.php(605): CodeIgniter\Database\BaseConnection->simpleQuery('INSERT INTO "da...')
#4 C:\xammp\htdocs\petalokasiobjek\system\Database\BaseBuilder.php(2309): CodeIgniter\Database\BaseConnection->query('INSERT INTO "da...', Array, false)
#5 C:\xammp\htdocs\petalokasiobjek\system\Model.php(330): CodeIgniter\Database\BaseBuilder->insert()
#6 C:\xammp\htdocs\petalokasiobjek\system\BaseModel.php(782): CodeIgniter\Model->doInsert(Array)
#7 C:\xammp\htdocs\petalokasiobjek\system\Model.php(730): CodeIgniter\BaseModel->insert(Array, false)
#8 C:\xammp\htdocs\petalokasiobjek\system\BaseModel.php(692): CodeIgniter\Model->insert(Array, false)
#9 C:\xammp\htdocs\petalokasiobjek\app\Controllers\Home.php(36): CodeIgniter\BaseModel->save(Array)
#10 C:\xammp\htdocs\petalokasiobjek\system\CodeIgniter.php(934): App\Controllers\Home->simpan_tambah_data()
#11 C:\xammp\htdocs\petalokasiobjek\system\CodeIgniter.php(499): CodeIgniter\CodeIgniter->runController(Object(App\Controllers\Home))
#12 C:\xammp\htdocs\petalokasiobjek\system\CodeIgniter.php(368): CodeIgniter\CodeIgniter->handleRequest(NULL, Object(Config\Cache), false)
#13 C:\xammp\htdocs\petalokasiobjek\public\index.php(67): CodeIgniter\CodeIgniter->run()
#14 {main}
CRITICAL - 2023-03-06 08:08:06 --> pg_query(): Query failed: ERROR:  null value in column &quot;latitude&quot; of relation &quot;datalokasiobjek&quot; violates not-null constraint
DETAIL:  Failing row contains (2, bygt, vft7, null, 110.3723200, null, 2023-03-06 08:08:06, 2023-03-06 08:08:06, null).
in SYSTEMPATH\Database\BaseConnection.php on line 645.
 1 SYSTEMPATH\Database\BaseBuilder.php(2309): CodeIgniter\Database\BaseConnection->query('INSERT INTO "datalokasiobjek" ("nama", "deskripsi", "longitude", "created_at", "updated_at") VALUES (:nama:, :deskripsi:, :longitude:, :created_at:, :updated_at:)', [...], false)
 2 SYSTEMPATH\Model.php(330): CodeIgniter\Database\BaseBuilder->insert()
 3 SYSTEMPATH\BaseModel.php(782): CodeIgniter\Model->doInsert([...])
 4 SYSTEMPATH\Model.php(730): CodeIgniter\BaseModel->insert([...], false)
 5 SYSTEMPATH\BaseModel.php(692): CodeIgniter\Model->insert([...], false)
 6 APPPATH\Controllers\Home.php(36): CodeIgniter\BaseModel->save([...])
 7 SYSTEMPATH\CodeIgniter.php(934): App\Controllers\Home->simpan_tambah_data()
 8 SYSTEMPATH\CodeIgniter.php(499): CodeIgniter\CodeIgniter->runController(Object(App\Controllers\Home))
 9 SYSTEMPATH\CodeIgniter.php(368): CodeIgniter\CodeIgniter->handleRequest(null, Object(Config\Cache), false)
10 FCPATH\index.php(67): CodeIgniter\CodeIgniter->run()
INFO - 2023-03-06 08:27:07 --> Session: Class initialized using 'CodeIgniter\Session\Handlers\FileHandler' driver.
CRITICAL - 2023-03-06 08:27:07 --> Undefined property: App\Controllers\Home::$data
in APPPATH\Controllers\Home.php on line 25.
 1 APPPATH\Controllers\Home.php(25): CodeIgniter\Debug\Exceptions->errorHandler(2, 'Undefined property: App\\Controllers\\Home::$data', 'APPPATH\\Controllers\\Home.php', 25)
 2 SYSTEMPATH\CodeIgniter.php(934): App\Controllers\Home->input()
 3 SYSTEMPATH\CodeIgniter.php(499): CodeIgniter\CodeIgniter->runController(Object(App\Controllers\Home))
 4 SYSTEMPATH\CodeIgniter.php(368): CodeIgniter\CodeIgniter->handleRequest(null, Object(Config\Cache), false)
 5 FCPATH\index.php(67): CodeIgniter\CodeIgniter->run()
INFO - 2023-03-06 08:27:12 --> Session: Class initialized using 'CodeIgniter\Session\Handlers\FileHandler' driver.
CRITICAL - 2023-03-06 08:27:12 --> Undefined property: App\Controllers\Home::$data
in APPPATH\Controllers\Home.php on line 25.
 1 APPPATH\Controllers\Home.php(25): CodeIgniter\Debug\Exceptions->errorHandler(2, 'Undefined property: App\\Controllers\\Home::$data', 'APPPATH\\Controllers\\Home.php', 25)
 2 SYSTEMPATH\CodeIgniter.php(934): App\Controllers\Home->input()
 3 SYSTEMPATH\CodeIgniter.php(499): CodeIgniter\CodeIgniter->runController(Object(App\Controllers\Home))
 4 SYSTEMPATH\CodeIgniter.php(368): CodeIgniter\CodeIgniter->handleRequest(null, Object(Config\Cache), false)
 5 FCPATH\index.php(67): CodeIgniter\CodeIgniter->run()
INFO - 2023-03-06 08:27:28 --> Session: Class initialized using 'CodeIgniter\Session\Handlers\FileHandler' driver.
CRITICAL - 2023-03-06 08:27:28 --> Undefined property: App\Controllers\Home::$data
in APPPATH\Controllers\Home.php on line 25.
 1 APPPATH\Controllers\Home.php(25): CodeIgniter\Debug\Exceptions->errorHandler(2, 'Undefined property: App\\Controllers\\Home::$data', 'APPPATH\\Controllers\\Home.php', 25)
 2 SYSTEMPATH\CodeIgniter.php(934): App\Controllers\Home->input()
 3 SYSTEMPATH\CodeIgniter.php(499): CodeIgniter\CodeIgniter->runController(Object(App\Controllers\Home))
 4 SYSTEMPATH\CodeIgniter.php(368): CodeIgniter\CodeIgniter->handleRequest(null, Object(Config\Cache), false)
 5 FCPATH\index.php(67): CodeIgniter\CodeIgniter->run()
INFO - 2023-03-06 08:28:35 --> Session: Class initialized using 'CodeIgniter\Session\Handlers\FileHandler' driver.
CRITICAL - 2023-03-06 08:28:35 --> Undefined property: App\Controllers\Home::$data
in APPPATH\Controllers\Home.php on line 25.
 1 APPPATH\Controllers\Home.php(25): CodeIgniter\Debug\Exceptions->errorHandler(2, 'Undefined property: App\\Controllers\\Home::$data', 'APPPATH\\Controllers\\Home.php', 25)
 2 SYSTEMPATH\CodeIgniter.php(934): App\Controllers\Home->input()
 3 SYSTEMPATH\CodeIgniter.php(499): CodeIgniter\CodeIgniter->runController(Object(App\Controllers\Home))
 4 SYSTEMPATH\CodeIgniter.php(368): CodeIgniter\CodeIgniter->handleRequest(null, Object(Config\Cache), false)
 5 FCPATH\index.php(67): CodeIgniter\CodeIgniter->run()
INFO - 2023-03-06 08:28:36 --> Session: Class initialized using 'CodeIgniter\Session\Handlers\FileHandler' driver.
CRITICAL - 2023-03-06 08:28:36 --> Undefined property: App\Controllers\Home::$data
in APPPATH\Controllers\Home.php on line 25.
 1 APPPATH\Controllers\Home.php(25): CodeIgniter\Debug\Exceptions->errorHandler(2, 'Undefined property: App\\Controllers\\Home::$data', 'APPPATH\\Controllers\\Home.php', 25)
 2 SYSTEMPATH\CodeIgniter.php(934): App\Controllers\Home->input()
 3 SYSTEMPATH\CodeIgniter.php(499): CodeIgniter\CodeIgniter->runController(Object(App\Controllers\Home))
 4 SYSTEMPATH\CodeIgniter.php(368): CodeIgniter\CodeIgniter->handleRequest(null, Object(Config\Cache), false)
 5 FCPATH\index.php(67): CodeIgniter\CodeIgniter->run()
INFO - 2023-03-06 08:28:40 --> Session: Class initialized using 'CodeIgniter\Session\Handlers\FileHandler' driver.
INFO - 2023-03-06 08:28:40 --> Session: Class initialized using 'CodeIgniter\Session\Handlers\FileHandler' driver.
CRITICAL - 2023-03-06 08:28:40 --> Undefined property: App\Controllers\Home::$data
in APPPATH\Controllers\Home.php on line 25.
 1 APPPATH\Controllers\Home.php(25): CodeIgniter\Debug\Exceptions->errorHandler(2, 'Undefined property: App\\Controllers\\Home::$data', 'APPPATH\\Controllers\\Home.php', 25)
 2 SYSTEMPATH\CodeIgniter.php(934): App\Controllers\Home->input()
 3 SYSTEMPATH\CodeIgniter.php(499): CodeIgniter\CodeIgniter->runController(Object(App\Controllers\Home))
 4 SYSTEMPATH\CodeIgniter.php(368): CodeIgniter\CodeIgniter->handleRequest(null, Object(Config\Cache), false)
 5 FCPATH\index.php(67): CodeIgniter\CodeIgniter->run()
INFO - 2023-03-06 08:31:42 --> Session: Class initialized using 'CodeIgniter\Session\Handlers\FileHandler' driver.
CRITICAL - 2023-03-06 08:31:42 --> Undefined property: App\Controllers\Home::$data
in APPPATH\Controllers\Home.php on line 25.
 1 APPPATH\Controllers\Home.php(25): CodeIgniter\Debug\Exceptions->errorHandler(2, 'Undefined property: App\\Controllers\\Home::$data', 'APPPATH\\Controllers\\Home.php', 25)
 2 SYSTEMPATH\CodeIgniter.php(934): App\Controllers\Home->input()
 3 SYSTEMPATH\CodeIgniter.php(499): CodeIgniter\CodeIgniter->runController(Object(App\Controllers\Home))
 4 SYSTEMPATH\CodeIgniter.php(368): CodeIgniter\CodeIgniter->handleRequest(null, Object(Config\Cache), false)
 5 FCPATH\index.php(67): CodeIgniter\CodeIgniter->run()
INFO - 2023-03-06 08:31:43 --> Session: Class initialized using 'CodeIgniter\Session\Handlers\FileHandler' driver.
CRITICAL - 2023-03-06 08:31:43 --> Undefined property: App\Controllers\Home::$data
in APPPATH\Controllers\Home.php on line 25.
 1 APPPATH\Controllers\Home.php(25): CodeIgniter\Debug\Exceptions->errorHandler(2, 'Undefined property: App\\Controllers\\Home::$data', 'APPPATH\\Controllers\\Home.php', 25)
 2 SYSTEMPATH\CodeIgniter.php(934): App\Controllers\Home->input()
 3 SYSTEMPATH\CodeIgniter.php(499): CodeIgniter\CodeIgniter->runController(Object(App\Controllers\Home))
 4 SYSTEMPATH\CodeIgniter.php(368): CodeIgniter\CodeIgniter->handleRequest(null, Object(Config\Cache), false)
 5 FCPATH\index.php(67): CodeIgniter\CodeIgniter->run()
INFO - 2023-03-06 08:31:49 --> Session: Class initialized using 'CodeIgniter\Session\Handlers\FileHandler' driver.
CRITICAL - 2023-03-06 08:31:49 --> Undefined property: App\Controllers\Home::$data
in APPPATH\Controllers\Home.php on line 25.
 1 APPPATH\Controllers\Home.php(25): CodeIgniter\Debug\Exceptions->errorHandler(2, 'Undefined property: App\\Controllers\\Home::$data', 'APPPATH\\Controllers\\Home.php', 25)
 2 SYSTEMPATH\CodeIgniter.php(934): App\Controllers\Home->input()
 3 SYSTEMPATH\CodeIgniter.php(499): CodeIgniter\CodeIgniter->runController(Object(App\Controllers\Home))
 4 SYSTEMPATH\CodeIgniter.php(368): CodeIgniter\CodeIgniter->handleRequest(null, Object(Config\Cache), false)
 5 FCPATH\index.php(67): CodeIgniter\CodeIgniter->run()
INFO - 2023-03-06 08:31:49 --> Session: Class initialized using 'CodeIgniter\Session\Handlers\FileHandler' driver.
CRITICAL - 2023-03-06 08:31:49 --> Undefined property: App\Controllers\Home::$data
in APPPATH\Controllers\Home.php on line 25.
 1 APPPATH\Controllers\Home.php(25): CodeIgniter\Debug\Exceptions->errorHandler(2, 'Undefined property: App\\Controllers\\Home::$data', 'APPPATH\\Controllers\\Home.php', 25)
 2 SYSTEMPATH\CodeIgniter.php(934): App\Controllers\Home->input()
 3 SYSTEMPATH\CodeIgniter.php(499): CodeIgniter\CodeIgniter->runController(Object(App\Controllers\Home))
 4 SYSTEMPATH\CodeIgniter.php(368): CodeIgniter\CodeIgniter->handleRequest(null, Object(Config\Cache), false)
 5 FCPATH\index.php(67): CodeIgniter\CodeIgniter->run()
INFO - 2023-03-06 08:33:06 --> Session: Class initialized using 'CodeIgniter\Session\Handlers\FileHandler' driver.
INFO - 2023-03-06 08:33:13 --> Session: Class initialized using 'CodeIgniter\Session\Handlers\FileHandler' driver.
INFO - 2023-03-06 08:33:13 --> Session: Class initialized using 'CodeIgniter\Session\Handlers\FileHandler' driver.
INFO - 2023-03-06 08:34:06 --> Session: Class initialized using 'CodeIgniter\Session\Handlers\FileHandler' driver.
INFO - 2023-03-06 08:35:34 --> Session: Class initialized using 'CodeIgniter\Session\Handlers\FileHandler' driver.
INFO - 2023-03-06 08:35:38 --> Session: Class initialized using 'CodeIgniter\Session\Handlers\FileHandler' driver.
INFO - 2023-03-06 08:35:38 --> Session: Class initialized using 'CodeIgniter\Session\Handlers\FileHandler' driver.
INFO - 2023-03-06 08:37:15 --> Session: Class initialized using 'CodeIgniter\Session\Handlers\FileHandler' driver.
INFO - 2023-03-06 08:37:22 --> Session: Class initialized using 'CodeIgniter\Session\Handlers\FileHandler' driver.
INFO - 2023-03-06 08:37:22 --> Session: Class initialized using 'CodeIgniter\Session\Handlers\FileHandler' driver.
INFO - 2023-03-06 08:37:38 --> Session: Class initialized using 'CodeIgniter\Session\Handlers\FileHandler' driver.
INFO - 2023-03-06 08:37:38 --> Session: Class initialized using 'CodeIgniter\Session\Handlers\FileHandler' driver.
INFO - 2023-03-06 08:44:45 --> Session: Class initialized using 'CodeIgniter\Session\Handlers\FileHandler' driver.
INFO - 2023-03-06 08:44:49 --> Session: Class initialized using 'CodeIgniter\Session\Handlers\FileHandler' driver.
INFO - 2023-03-06 08:44:49 --> Session: Class initialized using 'CodeIgniter\Session\Handlers\FileHandler' driver.
INFO - 2023-03-06 08:45:22 --> Session: Class initialized using 'CodeIgniter\Session\Handlers\FileHandler' driver.
INFO - 2023-03-06 08:45:22 --> Session: Class initialized using 'CodeIgniter\Session\Handlers\FileHandler' driver.
INFO - 2023-03-06 08:46:13 --> Session: Class initialized using 'CodeIgniter\Session\Handlers\FileHandler' driver.
INFO - 2023-03-06 08:46:17 --> Session: Class initialized using 'CodeIgniter\Session\Handlers\FileHandler' driver.
INFO - 2023-03-06 08:46:17 --> Session: Class initialized using 'CodeIgniter\Session\Handlers\FileHandler' driver.
INFO - 2023-03-06 08:46:55 --> Session: Class initialized using 'CodeIgniter\Session\Handlers\FileHandler' driver.
INFO - 2023-03-06 08:48:31 --> Session: Class initialized using 'CodeIgniter\Session\Handlers\FileHandler' driver.
INFO - 2023-03-06 08:48:34 --> Session: Class initialized using 'CodeIgniter\Session\Handlers\FileHandler' driver.
INFO - 2023-03-06 08:48:34 --> Session: Class initialized using 'CodeIgniter\Session\Handlers\FileHandler' driver.
INFO - 2023-03-06 08:49:23 --> Session: Class initialized using 'CodeIgniter\Session\Handlers\FileHandler' driver.
INFO - 2023-03-06 08:49:23 --> Session: Class initialized using 'CodeIgniter\Session\Handlers\FileHandler' driver.
INFO - 2023-03-06 08:51:49 --> Session: Class initialized using 'CodeIgniter\Session\Handlers\FileHandler' driver.
INFO - 2023-03-06 08:51:49 --> Session: Class initialized using 'CodeIgniter\Session\Handlers\FileHandler' driver.
INFO - 2023-03-06 08:52:06 --> Session: Class initialized using 'CodeIgniter\Session\Handlers\FileHandler' driver.
INFO - 2023-03-06 08:52:06 --> Session: Class initialized using 'CodeIgniter\Session\Handlers\FileHandler' driver.
INFO - 2023-03-06 08:52:55 --> Session: Class initialized using 'CodeIgniter\Session\Handlers\FileHandler' driver.
INFO - 2023-03-06 08:52:56 --> Session: Class initialized using 'CodeIgniter\Session\Handlers\FileHandler' driver.
INFO - 2023-03-06 08:52:56 --> Session: Class initialized using 'CodeIgniter\Session\Handlers\FileHandler' driver.
INFO - 2023-03-06 08:53:00 --> Session: Class initialized using 'CodeIgniter\Session\Handlers\FileHandler' driver.
INFO - 2023-03-06 08:53:00 --> Session: Class initialized using 'CodeIgniter\Session\Handlers\FileHandler' driver.
INFO - 2023-03-06 08:53:04 --> Session: Class initialized using 'CodeIgniter\Session\Handlers\FileHandler' driver.
INFO - 2023-03-06 08:53:04 --> Session: Class initialized using 'CodeIgniter\Session\Handlers\FileHandler' driver.
INFO - 2023-03-06 09:02:15 --> Session: Class initialized using 'CodeIgniter\Session\Handlers\FileHandler' driver.
INFO - 2023-03-06 09:03:40 --> Session: Class initialized using 'CodeIgniter\Session\Handlers\FileHandler' driver.
INFO - 2023-03-06 09:04:20 --> Session: Class initialized using 'CodeIgniter\Session\Handlers\FileHandler' driver.
INFO - 2023-03-06 09:04:53 --> Session: Class initialized using 'CodeIgniter\Session\Handlers\FileHandler' driver.
INFO - 2023-03-06 09:05:01 --> Session: Class initialized using 'CodeIgniter\Session\Handlers\FileHandler' driver.
INFO - 2023-03-06 09:05:53 --> Session: Class initialized using 'CodeIgniter\Session\Handlers\FileHandler' driver.
INFO - 2023-03-06 09:06:27 --> Session: Class initialized using 'CodeIgniter\Session\Handlers\FileHandler' driver.
INFO - 2023-03-06 09:07:06 --> Session: Class initialized using 'CodeIgniter\Session\Handlers\FileHandler' driver.
INFO - 2023-03-06 09:07:25 --> Session: Class initialized using 'CodeIgniter\Session\Handlers\FileHandler' driver.
